2023-09-17T12:07:44.415Z [Modules] Modules initializing
2023-09-17T12:07:44.450Z [Modules] Distribution: remote
2023-09-17T12:07:44.450Z [Modules] Host updates: enabled
2023-09-17T12:07:44.450Z [Modules] Module updates: enabled
2023-09-17T12:07:44.451Z [Modules] Module install path: /home/sshep/.config/discord/0.0.29/modules
2023-09-17T12:07:44.451Z [Modules] Module installed file path: /home/sshep/.config/discord/0.0.29/modules/installed.json
2023-09-17T12:07:44.451Z [Modules] Module download path: /home/sshep/.config/discord/0.0.29/modules/pending
2023-09-17T12:07:45.276Z [Modules] Bootstrapping...
2023-09-17T12:07:45.278Z [Modules] Installing discord_desktop_core@0 from /usr/lib/discord/bootstrap/discord_desktop_core.zip
2023-09-17T12:07:45.298Z [Modules] Failed installing discord_desktop_core@0: Error: ENOENT: no such file or directory, open '/usr/lib/discord/bootstrap/discord_desktop_core.zip'
2023-09-17T12:07:45.299Z [Modules] Installing discord_erlpack@0 from /usr/lib/discord/bootstrap/discord_erlpack.zip
2023-09-17T12:07:45.300Z [Modules] Failed installing discord_erlpack@0: Error: ENOENT: no such file or directory, open '/usr/lib/discord/bootstrap/discord_erlpack.zip'
2023-09-17T12:07:45.301Z [Modules] Installing discord_spellcheck@0 from /usr/lib/discord/bootstrap/discord_spellcheck.zip
2023-09-17T12:07:45.302Z [Modules] Failed installing discord_spellcheck@0: Error: ENOENT: no such file or directory, open '/usr/lib/discord/bootstrap/discord_spellcheck.zip'
2023-09-17T12:07:45.302Z [Modules] Installing discord_utils@0 from /usr/lib/discord/bootstrap/discord_utils.zip
2023-09-17T12:07:45.303Z [Modules] Failed installing discord_utils@0: Error: ENOENT: no such file or directory, open '/usr/lib/discord/bootstrap/discord_utils.zip'
2023-09-17T12:07:45.303Z [Modules] Installing discord_voice@0 from /usr/lib/discord/bootstrap/discord_voice.zip
2023-09-17T12:07:45.304Z [Modules] Failed installing discord_voice@0: Error: ENOENT: no such file or directory, open '/usr/lib/discord/bootstrap/discord_voice.zip'
2023-09-17T12:07:45.304Z [Modules] Finished module installations. [success: 0] [failure: 5]
2023-09-17T12:07:45.304Z [Modules] Checking for host updates.
2023-09-17T12:07:45.465Z [Modules] Host is up to date.
2023-09-17T12:07:45.465Z [Modules] Checking for module updates at https://discord.com/api/modules/stable/versions.json
2023-09-17T12:07:45.515Z [Modules] Module update available: discord_desktop_core@2 [installed: 0]
2023-09-17T12:07:45.515Z [Modules] Module update available: discord_erlpack@1 [installed: 0]
2023-09-17T12:07:45.515Z [Modules] Module update available: discord_spellcheck@1 [installed: 0]
2023-09-17T12:07:45.515Z [Modules] Module update available: discord_utils@2 [installed: 0]
2023-09-17T12:07:45.515Z [Modules] Module update available: discord_voice@2 [installed: 0]
2023-09-17T12:07:45.516Z [Modules] Fetching discord_desktop_core@2 from https://discord.com/api/modules/stable/discord_desktop_core/2
2023-09-17T12:07:45.516Z [Modules] Streaming discord_desktop_core@2 to /home/sshep/.config/discord/0.0.29/modules/pending/discord_desktop_core-2.zip
2023-09-17T12:07:45.877Z [Modules] Streaming discord_desktop_core@2 to /home/sshep/.config/discord/0.0.29/modules/pending/discord_desktop_core-2.zip: 1%
2023-09-17T12:07:45.903Z [Modules] Streaming discord_desktop_core@2 to /home/sshep/.config/discord/0.0.29/modules/pending/discord_desktop_core-2.zip: 2%
2023-09-17T12:07:45.930Z [Modules] Streaming discord_desktop_core@2 to /home/sshep/.config/discord/0.0.29/modules/pending/discord_desktop_core-2.zip: 3%
2023-09-17T12:07:45.949Z [Modules] Streaming discord_desktop_core@2 to /home/sshep/.config/discord/0.0.29/modules/pending/discord_desktop_core-2.zip: 4%
2023-09-17T12:07:45.965Z [Modules] Streaming discord_desktop_core@2 to /home/sshep/.config/discord/0.0.29/modules/pending/discord_desktop_core-2.zip: 5%
2023-09-17T12:07:45.975Z [Modules] Streaming discord_desktop_core@2 to /home/sshep/.config/discord/0.0.29/modules/pending/discord_desktop_core-2.zip: 6%
2023-09-17T12:07:45.984Z [Modules] Streaming discord_desktop_core@2 to /home/sshep/.config/discord/0.0.29/modules/pending/discord_desktop_core-2.zip: 7%
2023-09-17T12:07:45.992Z [Modules] Streaming discord_desktop_core@2 to /home/sshep/.config/discord/0.0.29/modules/pending/discord_desktop_core-2.zip: 8%
2023-09-17T12:07:46.002Z [Modules] Streaming discord_desktop_core@2 to /home/sshep/.config/discord/0.0.29/modules/pending/discord_desktop_core-2.zip: 9%
2023-09-17T12:07:46.010Z [Modules] Streaming discord_desktop_core@2 to /home/sshep/.config/discord/0.0.29/modules/pending/discord_desktop_core-2.zip: 10%
2023-09-17T12:07:46.019Z [Modules] Streaming discord_desktop_core@2 to /home/sshep/.config/discord/0.0.29/modules/pending/discord_desktop_core-2.zip: 11%
2023-09-17T12:07:46.023Z [Modules] Streaming discord_desktop_core@2 to /home/sshep/.config/discord/0.0.29/modules/pending/discord_desktop_core-2.zip: 12%
2023-09-17T12:07:46.027Z [Modules] Streaming discord_desktop_core@2 to /home/sshep/.config/discord/0.0.29/modules/pending/discord_desktop_core-2.zip: 13%
2023-09-17T12:07:46.034Z [Modules] Streaming discord_desktop_core@2 to /home/sshep/.config/discord/0.0.29/modules/pending/discord_desktop_core-2.zip: 14%
2023-09-17T12:07:46.037Z [Modules] Streaming discord_desktop_core@2 to /home/sshep/.config/discord/0.0.29/modules/pending/discord_desktop_core-2.zip: 15%
2023-09-17T12:07:46.041Z [Modules] Streaming discord_desktop_core@2 to /home/sshep/.config/discord/0.0.29/modules/pending/discord_desktop_core-2.zip: 16%
2023-09-17T12:07:46.044Z [Modules] Streaming discord_desktop_core@2 to /home/sshep/.config/discord/0.0.29/modules/pending/discord_desktop_core-2.zip: 17%
2023-09-17T12:07:46.049Z [Modules] Streaming discord_desktop_core@2 to /home/sshep/.config/discord/0.0.29/modules/pending/discord_desktop_core-2.zip: 18%
2023-09-17T12:07:46.052Z [Modules] Streaming discord_desktop_core@2 to /home/sshep/.config/discord/0.0.29/modules/pending/discord_desktop_core-2.zip: 19%
2023-09-17T12:07:46.055Z [Modules] Streaming discord_desktop_core@2 to /home/sshep/.config/discord/0.0.29/modules/pending/discord_desktop_core-2.zip: 20%
2023-09-17T12:07:46.060Z [Modules] Streaming discord_desktop_core@2 to /home/sshep/.config/discord/0.0.29/modules/pending/discord_desktop_core-2.zip: 21%
2023-09-17T12:07:46.062Z [Modules] Streaming discord_desktop_core@2 to /home/sshep/.config/discord/0.0.29/modules/pending/discord_desktop_core-2.zip: 22%
2023-09-17T12:07:46.064Z [Modules] Streaming discord_desktop_core@2 to /home/sshep/.config/discord/0.0.29/modules/pending/discord_desktop_core-2.zip: 23%
2023-09-17T12:07:46.067Z [Modules] Streaming discord_desktop_core@2 to /home/sshep/.config/discord/0.0.29/modules/pending/discord_desktop_core-2.zip: 24%
2023-09-17T12:07:46.072Z [Modules] Streaming discord_desktop_core@2 to /home/sshep/.config/discord/0.0.29/modules/pending/discord_desktop_core-2.zip: 25%
2023-09-17T12:07:46.073Z [Modules] Streaming discord_desktop_core@2 to /home/sshep/.config/discord/0.0.29/modules/pending/discord_desktop_core-2.zip: 26%
2023-09-17T12:07:46.076Z [Modules] Streaming discord_desktop_core@2 to /home/sshep/.config/discord/0.0.29/modules/pending/discord_desktop_core-2.zip: 27%
2023-09-17T12:07:46.080Z [Modules] Streaming discord_desktop_core@2 to /home/sshep/.config/discord/0.0.29/modules/pending/discord_desktop_core-2.zip: 28%
2023-09-17T12:07:46.082Z [Modules] Streaming discord_desktop_core@2 to /home/sshep/.config/discord/0.0.29/modules/pending/discord_desktop_core-2.zip: 29%
2023-09-17T12:07:46.084Z [Modules] Streaming discord_desktop_core@2 to /home/sshep/.config/discord/0.0.29/modules/pending/discord_desktop_core-2.zip: 30%
2023-09-17T12:07:46.085Z [Modules] Streaming discord_desktop_core@2 to /home/sshep/.config/discord/0.0.29/modules/pending/discord_desktop_core-2.zip: 31%
2023-09-17T12:07:46.089Z [Modules] Streaming discord_desktop_core@2 to /home/sshep/.config/discord/0.0.29/modules/pending/discord_desktop_core-2.zip: 32%
2023-09-17T12:07:46.090Z [Modules] Streaming discord_desktop_core@2 to /home/sshep/.config/discord/0.0.29/modules/pending/discord_desktop_core-2.zip: 33%
2023-09-17T12:07:46.092Z [Modules] Streaming discord_desktop_core@2 to /home/sshep/.config/discord/0.0.29/modules/pending/discord_desktop_core-2.zip: 34%
2023-09-17T12:07:46.096Z [Modules] Streaming discord_desktop_core@2 to /home/sshep/.config/discord/0.0.29/modules/pending/discord_desktop_core-2.zip: 36%
2023-09-17T12:07:46.098Z [Modules] Streaming discord_desktop_core@2 to /home/sshep/.config/discord/0.0.29/modules/pending/discord_desktop_core-2.zip: 37%
2023-09-17T12:07:46.099Z [Modules] Streaming discord_desktop_core@2 to /home/sshep/.config/discord/0.0.29/modules/pending/discord_desktop_core-2.zip: 38%
2023-09-17T12:07:46.104Z [Modules] Streaming discord_desktop_core@2 to /home/sshep/.config/discord/0.0.29/modules/pending/discord_desktop_core-2.zip: 41%
2023-09-17T12:07:46.110Z [Modules] Streaming discord_desktop_core@2 to /home/sshep/.config/discord/0.0.29/modules/pending/discord_desktop_core-2.zip: 44%
2023-09-17T12:07:46.112Z [Modules] Streaming discord_desktop_core@2 to /home/sshep/.config/discord/0.0.29/modules/pending/discord_desktop_core-2.zip: 45%
2023-09-17T12:07:46.118Z [Modules] Streaming discord_desktop_core@2 to /home/sshep/.config/discord/0.0.29/modules/pending/discord_desktop_core-2.zip: 47%
2023-09-17T12:07:46.119Z [Modules] Streaming discord_desktop_core@2 to /home/sshep/.config/discord/0.0.29/modules/pending/discord_desktop_core-2.zip: 48%
2023-09-17T12:07:46.123Z [Modules] Streaming discord_desktop_core@2 to /home/sshep/.config/discord/0.0.29/modules/pending/discord_desktop_core-2.zip: 51%
2023-09-17T12:07:46.125Z [Modules] Streaming discord_desktop_core@2 to /home/sshep/.config/discord/0.0.29/modules/pending/discord_desktop_core-2.zip: 52%
2023-09-17T12:07:46.130Z [Modules] Streaming discord_desktop_core@2 to /home/sshep/.config/discord/0.0.29/modules/pending/discord_desktop_core-2.zip: 55%
2023-09-17T12:07:46.135Z [Modules] Streaming discord_desktop_core@2 to /home/sshep/.config/discord/0.0.29/modules/pending/discord_desktop_core-2.zip: 58%
2023-09-17T12:07:46.138Z [Modules] Streaming discord_desktop_core@2 to /home/sshep/.config/discord/0.0.29/modules/pending/discord_desktop_core-2.zip: 59%
2023-09-17T12:07:46.142Z [Modules] Streaming discord_desktop_core@2 to /home/sshep/.config/discord/0.0.29/modules/pending/discord_desktop_core-2.zip: 62%
2023-09-17T12:07:46.146Z [Modules] Streaming discord_desktop_core@2 to /home/sshep/.config/discord/0.0.29/modules/pending/discord_desktop_core-2.zip: 65%
2023-09-17T12:07:46.149Z [Modules] Streaming discord_desktop_core@2 to /home/sshep/.config/discord/0.0.29/modules/pending/discord_desktop_core-2.zip: 66%
2023-09-17T12:07:46.153Z [Modules] Streaming discord_desktop_core@2 to /home/sshep/.config/discord/0.0.29/modules/pending/discord_desktop_core-2.zip: 69%
2023-09-17T12:07:46.155Z [Modules] Streaming discord_desktop_core@2 to /home/sshep/.config/discord/0.0.29/modules/pending/discord_desktop_core-2.zip: 70%
2023-09-17T12:07:46.157Z [Modules] Streaming discord_desktop_core@2 to /home/sshep/.config/discord/0.0.29/modules/pending/discord_desktop_core-2.zip: 72%
2023-09-17T12:07:46.161Z [Modules] Streaming discord_desktop_core@2 to /home/sshep/.config/discord/0.0.29/modules/pending/discord_desktop_core-2.zip: 75%
2023-09-17T12:07:46.164Z [Modules] Streaming discord_desktop_core@2 to /home/sshep/.config/discord/0.0.29/modules/pending/discord_desktop_core-2.zip: 76%
2023-09-17T12:07:46.166Z [Modules] Streaming discord_desktop_core@2 to /home/sshep/.config/discord/0.0.29/modules/pending/discord_desktop_core-2.zip: 77%
2023-09-17T12:07:46.167Z [Modules] Streaming discord_desktop_core@2 to /home/sshep/.config/discord/0.0.29/modules/pending/discord_desktop_core-2.zip: 78%
2023-09-17T12:07:46.171Z [Modules] Streaming discord_desktop_core@2 to /home/sshep/.config/discord/0.0.29/modules/pending/discord_desktop_core-2.zip: 80%
2023-09-17T12:07:46.174Z [Modules] Streaming discord_desktop_core@2 to /home/sshep/.config/discord/0.0.29/modules/pending/discord_desktop_core-2.zip: 83%
2023-09-17T12:07:46.177Z [Modules] Streaming discord_desktop_core@2 to /home/sshep/.config/discord/0.0.29/modules/pending/discord_desktop_core-2.zip: 84%
2023-09-17T12:07:46.181Z [Modules] Streaming discord_desktop_core@2 to /home/sshep/.config/discord/0.0.29/modules/pending/discord_desktop_core-2.zip: 87%
2023-09-17T12:07:46.183Z [Modules] Streaming discord_desktop_core@2 to /home/sshep/.config/discord/0.0.29/modules/pending/discord_desktop_core-2.zip: 88%
2023-09-17T12:07:46.187Z [Modules] Streaming discord_desktop_core@2 to /home/sshep/.config/discord/0.0.29/modules/pending/discord_desktop_core-2.zip: 91%
2023-09-17T12:07:46.193Z [Modules] Streaming discord_desktop_core@2 to /home/sshep/.config/discord/0.0.29/modules/pending/discord_desktop_core-2.zip: 94%
2023-09-17T12:07:46.195Z [Modules] Streaming discord_desktop_core@2 to /home/sshep/.config/discord/0.0.29/modules/pending/discord_desktop_core-2.zip: 96%
2023-09-17T12:07:46.199Z [Modules] Streaming discord_desktop_core@2 to /home/sshep/.config/discord/0.0.29/modules/pending/discord_desktop_core-2.zip: 99%
2023-09-17T12:07:46.201Z [Modules] Streaming discord_desktop_core@2 to /home/sshep/.config/discord/0.0.29/modules/pending/discord_desktop_core-2.zip: 100%
2023-09-17T12:07:46.203Z [Modules] Fetching discord_erlpack@1 from https://discord.com/api/modules/stable/discord_erlpack/1
2023-09-17T12:07:46.203Z [Modules] Streaming discord_erlpack@1 to /home/sshep/.config/discord/0.0.29/modules/pending/discord_erlpack-1.zip
2023-09-17T12:07:46.332Z [Modules] Streaming discord_erlpack@1 to /home/sshep/.config/discord/0.0.29/modules/pending/discord_erlpack-1.zip: 2%
2023-09-17T12:07:46.335Z [Modules] Streaming discord_erlpack@1 to /home/sshep/.config/discord/0.0.29/modules/pending/discord_erlpack-1.zip: 5%
2023-09-17T12:07:46.340Z [Modules] Streaming discord_erlpack@1 to /home/sshep/.config/discord/0.0.29/modules/pending/discord_erlpack-1.zip: 8%
2023-09-17T12:07:46.341Z [Modules] Streaming discord_erlpack@1 to /home/sshep/.config/discord/0.0.29/modules/pending/discord_erlpack-1.zip: 9%
2023-09-17T12:07:46.345Z [Modules] Streaming discord_erlpack@1 to /home/sshep/.config/discord/0.0.29/modules/pending/discord_erlpack-1.zip: 11%
2023-09-17T12:07:46.347Z [Modules] Streaming discord_erlpack@1 to /home/sshep/.config/discord/0.0.29/modules/pending/discord_erlpack-1.zip: 13%
2023-09-17T12:07:46.350Z [Modules] Streaming discord_erlpack@1 to /home/sshep/.config/discord/0.0.29/modules/pending/discord_erlpack-1.zip: 15%
2023-09-17T12:07:46.354Z [Modules] Streaming discord_erlpack@1 to /home/sshep/.config/discord/0.0.29/modules/pending/discord_erlpack-1.zip: 17%
2023-09-17T12:07:46.358Z [Modules] Streaming discord_erlpack@1 to /home/sshep/.config/discord/0.0.29/modules/pending/discord_erlpack-1.zip: 21%
2023-09-17T12:07:46.361Z [Modules] Streaming discord_erlpack@1 to /home/sshep/.config/discord/0.0.29/modules/pending/discord_erlpack-1.zip: 23%
2023-09-17T12:07:46.365Z [Modules] Streaming discord_erlpack@1 to /home/sshep/.config/discord/0.0.29/modules/pending/discord_erlpack-1.zip: 25%
2023-09-17T12:07:46.367Z [Modules] Streaming discord_erlpack@1 to /home/sshep/.config/discord/0.0.29/modules/pending/discord_erlpack-1.zip: 26%
2023-09-17T12:07:46.370Z [Modules] Streaming discord_erlpack@1 to /home/sshep/.config/discord/0.0.29/modules/pending/discord_erlpack-1.zip: 29%
2023-09-17T12:07:46.422Z [Modules] Streaming discord_erlpack@1 to /home/sshep/.config/discord/0.0.29/modules/pending/discord_erlpack-1.zip: 32%
2023-09-17T12:07:46.425Z [Modules] Streaming discord_erlpack@1 to /home/sshep/.config/discord/0.0.29/modules/pending/discord_erlpack-1.zip: 35%
2023-09-17T12:07:46.428Z [Modules] Streaming discord_erlpack@1 to /home/sshep/.config/discord/0.0.29/modules/pending/discord_erlpack-1.zip: 39%
2023-09-17T12:07:46.432Z [Modules] Streaming discord_erlpack@1 to /home/sshep/.config/discord/0.0.29/modules/pending/discord_erlpack-1.zip: 42%
2023-09-17T12:07:46.435Z [Modules] Streaming discord_erlpack@1 to /home/sshep/.config/discord/0.0.29/modules/pending/discord_erlpack-1.zip: 46%
2023-09-17T12:07:46.439Z [Modules] Streaming discord_erlpack@1 to /home/sshep/.config/discord/0.0.29/modules/pending/discord_erlpack-1.zip: 49%
2023-09-17T12:07:46.441Z [Modules] Streaming discord_erlpack@1 to /home/sshep/.config/discord/0.0.29/modules/pending/discord_erlpack-1.zip: 53%
2023-09-17T12:07:46.445Z [Modules] Streaming discord_erlpack@1 to /home/sshep/.config/discord/0.0.29/modules/pending/discord_erlpack-1.zip: 56%
2023-09-17T12:07:46.447Z [Modules] Streaming discord_erlpack@1 to /home/sshep/.config/discord/0.0.29/modules/pending/discord_erlpack-1.zip: 58%
2023-09-17T12:07:46.450Z [Modules] Streaming discord_erlpack@1 to /home/sshep/.config/discord/0.0.29/modules/pending/discord_erlpack-1.zip: 59%
2023-09-17T12:07:46.452Z [Modules] Streaming discord_erlpack@1 to /home/sshep/.config/discord/0.0.29/modules/pending/discord_erlpack-1.zip: 64%
2023-09-17T12:07:46.453Z [Modules] Streaming discord_erlpack@1 to /home/sshep/.config/discord/0.0.29/modules/pending/discord_erlpack-1.zip: 69%
2023-09-17T12:07:46.456Z [Modules] Streaming discord_erlpack@1 to /home/sshep/.config/discord/0.0.29/modules/pending/discord_erlpack-1.zip: 72%
2023-09-17T12:07:46.460Z [Modules] Streaming discord_erlpack@1 to /home/sshep/.config/discord/0.0.29/modules/pending/discord_erlpack-1.zip: 76%
2023-09-17T12:07:46.477Z [Modules] Streaming discord_erlpack@1 to /home/sshep/.config/discord/0.0.29/modules/pending/discord_erlpack-1.zip: 80%
2023-09-17T12:07:46.480Z [Modules] Streaming discord_erlpack@1 to /home/sshep/.config/discord/0.0.29/modules/pending/discord_erlpack-1.zip: 83%
2023-09-17T12:07:46.483Z [Modules] Streaming discord_erlpack@1 to /home/sshep/.config/discord/0.0.29/modules/pending/discord_erlpack-1.zip: 87%
2023-09-17T12:07:46.487Z [Modules] Streaming discord_erlpack@1 to /home/sshep/.config/discord/0.0.29/modules/pending/discord_erlpack-1.zip: 90%
2023-09-17T12:07:46.490Z [Modules] Streaming discord_erlpack@1 to /home/sshep/.config/discord/0.0.29/modules/pending/discord_erlpack-1.zip: 94%
2023-09-17T12:07:46.492Z [Modules] Streaming discord_erlpack@1 to /home/sshep/.config/discord/0.0.29/modules/pending/discord_erlpack-1.zip: 97%
2023-09-17T12:07:46.493Z [Modules] Streaming discord_erlpack@1 to /home/sshep/.config/discord/0.0.29/modules/pending/discord_erlpack-1.zip: 99%
2023-09-17T12:07:46.494Z [Modules] Streaming discord_erlpack@1 to /home/sshep/.config/discord/0.0.29/modules/pending/discord_erlpack-1.zip: 100%
2023-09-17T12:07:46.496Z [Modules] Fetching discord_spellcheck@1 from https://discord.com/api/modules/stable/discord_spellcheck/1
2023-09-17T12:07:46.496Z [Modules] Streaming discord_spellcheck@1 to /home/sshep/.config/discord/0.0.29/modules/pending/discord_spellcheck-1.zip
2023-09-17T12:07:46.651Z [Modules] Streaming discord_spellcheck@1 to /home/sshep/.config/discord/0.0.29/modules/pending/discord_spellcheck-1.zip: 1%
2023-09-17T12:07:46.660Z [Modules] Streaming discord_spellcheck@1 to /home/sshep/.config/discord/0.0.29/modules/pending/discord_spellcheck-1.zip: 2%
2023-09-17T12:07:46.669Z [Modules] Streaming discord_spellcheck@1 to /home/sshep/.config/discord/0.0.29/modules/pending/discord_spellcheck-1.zip: 3%
2023-09-17T12:07:46.676Z [Modules] Streaming discord_spellcheck@1 to /home/sshep/.config/discord/0.0.29/modules/pending/discord_spellcheck-1.zip: 4%
2023-09-17T12:07:46.679Z [Modules] Streaming discord_spellcheck@1 to /home/sshep/.config/discord/0.0.29/modules/pending/discord_spellcheck-1.zip: 5%
2023-09-17T12:07:46.760Z [Modules] Streaming discord_spellcheck@1 to /home/sshep/.config/discord/0.0.29/modules/pending/discord_spellcheck-1.zip: 6%
2023-09-17T12:07:46.765Z [Modules] Streaming discord_spellcheck@1 to /home/sshep/.config/discord/0.0.29/modules/pending/discord_spellcheck-1.zip: 7%
2023-09-17T12:07:46.769Z [Modules] Streaming discord_spellcheck@1 to /home/sshep/.config/discord/0.0.29/modules/pending/discord_spellcheck-1.zip: 8%
2023-09-17T12:07:46.774Z [Modules] Streaming discord_spellcheck@1 to /home/sshep/.config/discord/0.0.29/modules/pending/discord_spellcheck-1.zip: 9%
2023-09-17T12:07:46.781Z [Modules] Streaming discord_spellcheck@1 to /home/sshep/.config/discord/0.0.29/modules/pending/discord_spellcheck-1.zip: 10%
2023-09-17T12:07:46.787Z [Modules] Streaming discord_spellcheck@1 to /home/sshep/.config/discord/0.0.29/modules/pending/discord_spellcheck-1.zip: 11%
2023-09-17T12:07:46.793Z [Modules] Streaming discord_spellcheck@1 to /home/sshep/.config/discord/0.0.29/modules/pending/discord_spellcheck-1.zip: 12%
2023-09-17T12:07:46.801Z [Modules] Streaming discord_spellcheck@1 to /home/sshep/.config/discord/0.0.29/modules/pending/discord_spellcheck-1.zip: 13%
2023-09-17T12:07:46.805Z [Modules] Streaming discord_spellcheck@1 to /home/sshep/.config/discord/0.0.29/modules/pending/discord_spellcheck-1.zip: 14%
2023-09-17T12:07:46.808Z [Modules] Streaming discord_spellcheck@1 to /home/sshep/.config/discord/0.0.29/modules/pending/discord_spellcheck-1.zip: 15%
2023-09-17T12:07:46.816Z [Modules] Streaming discord_spellcheck@1 to /home/sshep/.config/discord/0.0.29/modules/pending/discord_spellcheck-1.zip: 16%
2023-09-17T12:07:46.823Z [Modules] Streaming discord_spellcheck@1 to /home/sshep/.config/discord/0.0.29/modules/pending/discord_spellcheck-1.zip: 17%
2023-09-17T12:07:46.828Z [Modules] Streaming discord_spellcheck@1 to /home/sshep/.config/discord/0.0.29/modules/pending/discord_spellcheck-1.zip: 18%
2023-09-17T12:07:46.830Z [Modules] Streaming discord_spellcheck@1 to /home/sshep/.config/discord/0.0.29/modules/pending/discord_spellcheck-1.zip: 19%
2023-09-17T12:07:46.832Z [Modules] Streaming discord_spellcheck@1 to /home/sshep/.config/discord/0.0.29/modules/pending/discord_spellcheck-1.zip: 20%
2023-09-17T12:07:46.835Z [Modules] Streaming discord_spellcheck@1 to /home/sshep/.config/discord/0.0.29/modules/pending/discord_spellcheck-1.zip: 25%
2023-09-17T12:07:46.841Z [Modules] Streaming discord_spellcheck@1 to /home/sshep/.config/discord/0.0.29/modules/pending/discord_spellcheck-1.zip: 26%
2023-09-17T12:07:46.921Z [Modules] Streaming discord_spellcheck@1 to /home/sshep/.config/discord/0.0.29/modules/pending/discord_spellcheck-1.zip: 27%
2023-09-17T12:07:46.927Z [Modules] Streaming discord_spellcheck@1 to /home/sshep/.config/discord/0.0.29/modules/pending/discord_spellcheck-1.zip: 28%
2023-09-17T12:07:46.930Z [Modules] Streaming discord_spellcheck@1 to /home/sshep/.config/discord/0.0.29/modules/pending/discord_spellcheck-1.zip: 29%
2023-09-17T12:07:46.933Z [Modules] Streaming discord_spellcheck@1 to /home/sshep/.config/discord/0.0.29/modules/pending/discord_spellcheck-1.zip: 30%
2023-09-17T12:07:46.941Z [Modules] Streaming discord_spellcheck@1 to /home/sshep/.config/discord/0.0.29/modules/pending/discord_spellcheck-1.zip: 31%
2023-09-17T12:07:46.943Z [Modules] Streaming discord_spellcheck@1 to /home/sshep/.config/discord/0.0.29/modules/pending/discord_spellcheck-1.zip: 32%
2023-09-17T12:07:46.947Z [Modules] Streaming discord_spellcheck@1 to /home/sshep/.config/discord/0.0.29/modules/pending/discord_spellcheck-1.zip: 33%
2023-09-17T12:07:46.951Z [Modules] Streaming discord_spellcheck@1 to /home/sshep/.config/discord/0.0.29/modules/pending/discord_spellcheck-1.zip: 34%
2023-09-17T12:07:46.954Z [Modules] Streaming discord_spellcheck@1 to /home/sshep/.config/discord/0.0.29/modules/pending/discord_spellcheck-1.zip: 35%
2023-09-17T12:07:46.960Z [Modules] Streaming discord_spellcheck@1 to /home/sshep/.config/discord/0.0.29/modules/pending/discord_spellcheck-1.zip: 36%
2023-09-17T12:07:46.964Z [Modules] Streaming discord_spellcheck@1 to /home/sshep/.config/discord/0.0.29/modules/pending/discord_spellcheck-1.zip: 37%
2023-09-17T12:07:46.967Z [Modules] Streaming discord_spellcheck@1 to /home/sshep/.config/discord/0.0.29/modules/pending/discord_spellcheck-1.zip: 38%
2023-09-17T12:07:46.974Z [Modules] Streaming discord_spellcheck@1 to /home/sshep/.config/discord/0.0.29/modules/pending/discord_spellcheck-1.zip: 39%
2023-09-17T12:07:46.979Z [Modules] Streaming discord_spellcheck@1 to /home/sshep/.config/discord/0.0.29/modules/pending/discord_spellcheck-1.zip: 40%
2023-09-17T12:07:46.982Z [Modules] Streaming discord_spellcheck@1 to /home/sshep/.config/discord/0.0.29/modules/pending/discord_spellcheck-1.zip: 41%
2023-09-17T12:07:46.986Z [Modules] Streaming discord_spellcheck@1 to /home/sshep/.config/discord/0.0.29/modules/pending/discord_spellcheck-1.zip: 42%
2023-09-17T12:07:46.988Z [Modules] Streaming discord_spellcheck@1 to /home/sshep/.config/discord/0.0.29/modules/pending/discord_spellcheck-1.zip: 43%
2023-09-17T12:07:46.991Z [Modules] Streaming discord_spellcheck@1 to /home/sshep/.config/discord/0.0.29/modules/pending/discord_spellcheck-1.zip: 44%
2023-09-17T12:07:46.993Z [Modules] Streaming discord_spellcheck@1 to /home/sshep/.config/discord/0.0.29/modules/pending/discord_spellcheck-1.zip: 45%
2023-09-17T12:07:46.995Z [Modules] Streaming discord_spellcheck@1 to /home/sshep/.config/discord/0.0.29/modules/pending/discord_spellcheck-1.zip: 46%
2023-09-17T12:07:46.999Z [Modules] Streaming discord_spellcheck@1 to /home/sshep/.config/discord/0.0.29/modules/pending/discord_spellcheck-1.zip: 47%
2023-09-17T12:07:47.077Z [Modules] Streaming discord_spellcheck@1 to /home/sshep/.config/discord/0.0.29/modules/pending/discord_spellcheck-1.zip: 48%
2023-09-17T12:07:47.082Z [Modules] Streaming discord_spellcheck@1 to /home/sshep/.config/discord/0.0.29/modules/pending/discord_spellcheck-1.zip: 49%
2023-09-17T12:07:47.086Z [Modules] Streaming discord_spellcheck@1 to /home/sshep/.config/discord/0.0.29/modules/pending/discord_spellcheck-1.zip: 50%
2023-09-17T12:07:47.094Z [Modules] Streaming discord_spellcheck@1 to /home/sshep/.config/discord/0.0.29/modules/pending/discord_spellcheck-1.zip: 51%
2023-09-17T12:07:47.099Z [Modules] Streaming discord_spellcheck@1 to /home/sshep/.config/discord/0.0.29/modules/pending/discord_spellcheck-1.zip: 52%
2023-09-17T12:07:47.103Z [Modules] Streaming discord_spellcheck@1 to /home/sshep/.config/discord/0.0.29/modules/pending/discord_spellcheck-1.zip: 53%
2023-09-17T12:07:47.107Z [Modules] Streaming discord_spellcheck@1 to /home/sshep/.config/discord/0.0.29/modules/pending/discord_spellcheck-1.zip: 54%
2023-09-17T12:07:47.111Z [Modules] Streaming discord_spellcheck@1 to /home/sshep/.config/discord/0.0.29/modules/pending/discord_spellcheck-1.zip: 55%
2023-09-17T12:07:47.116Z [Modules] Streaming discord_spellcheck@1 to /home/sshep/.config/discord/0.0.29/modules/pending/discord_spellcheck-1.zip: 56%
2023-09-17T12:07:47.194Z [Modules] Streaming discord_spellcheck@1 to /home/sshep/.config/discord/0.0.29/modules/pending/discord_spellcheck-1.zip: 57%
2023-09-17T12:07:47.197Z [Modules] Streaming discord_spellcheck@1 to /home/sshep/.config/discord/0.0.29/modules/pending/discord_spellcheck-1.zip: 59%
2023-09-17T12:07:47.199Z [Modules] Streaming discord_spellcheck@1 to /home/sshep/.config/discord/0.0.29/modules/pending/discord_spellcheck-1.zip: 61%
2023-09-17T12:07:47.213Z [Modules] Streaming discord_spellcheck@1 to /home/sshep/.config/discord/0.0.29/modules/pending/discord_spellcheck-1.zip: 62%
2023-09-17T12:07:47.214Z [Modules] Streaming discord_spellcheck@1 to /home/sshep/.config/discord/0.0.29/modules/pending/discord_spellcheck-1.zip: 63%
2023-09-17T12:07:47.215Z [Modules] Streaming discord_spellcheck@1 to /home/sshep/.config/discord/0.0.29/modules/pending/discord_spellcheck-1.zip: 64%
2023-09-17T12:07:47.216Z [Modules] Streaming discord_spellcheck@1 to /home/sshep/.config/discord/0.0.29/modules/pending/discord_spellcheck-1.zip: 66%
2023-09-17T12:07:47.217Z [Modules] Streaming discord_spellcheck@1 to /home/sshep/.config/discord/0.0.29/modules/pending/discord_spellcheck-1.zip: 67%
2023-09-17T12:07:47.217Z [Modules] Streaming discord_spellcheck@1 to /home/sshep/.config/discord/0.0.29/modules/pending/discord_spellcheck-1.zip: 68%
2023-09-17T12:07:47.218Z [Modules] Streaming discord_spellcheck@1 to /home/sshep/.config/discord/0.0.29/modules/pending/discord_spellcheck-1.zip: 69%
2023-09-17T12:07:47.219Z [Modules] Streaming discord_spellcheck@1 to /home/sshep/.config/discord/0.0.29/modules/pending/discord_spellcheck-1.zip: 70%
2023-09-17T12:07:47.221Z [Modules] Streaming discord_spellcheck@1 to /home/sshep/.config/discord/0.0.29/modules/pending/discord_spellcheck-1.zip: 71%
2023-09-17T12:07:47.226Z [Modules] Streaming discord_spellcheck@1 to /home/sshep/.config/discord/0.0.29/modules/pending/discord_spellcheck-1.zip: 72%
2023-09-17T12:07:47.230Z [Modules] Streaming discord_spellcheck@1 to /home/sshep/.config/discord/0.0.29/modules/pending/discord_spellcheck-1.zip: 73%
2023-09-17T12:07:47.232Z [Modules] Streaming discord_spellcheck@1 to /home/sshep/.config/discord/0.0.29/modules/pending/discord_spellcheck-1.zip: 74%
2023-09-17T12:07:47.237Z [Modules] Streaming discord_spellcheck@1 to /home/sshep/.config/discord/0.0.29/modules/pending/discord_spellcheck-1.zip: 75%
2023-09-17T12:07:47.241Z [Modules] Streaming discord_spellcheck@1 to /home/sshep/.config/discord/0.0.29/modules/pending/discord_spellcheck-1.zip: 76%
2023-09-17T12:07:47.245Z [Modules] Streaming discord_spellcheck@1 to /home/sshep/.config/discord/0.0.29/modules/pending/discord_spellcheck-1.zip: 77%
2023-09-17T12:07:47.251Z [Modules] Streaming discord_spellcheck@1 to /home/sshep/.config/discord/0.0.29/modules/pending/discord_spellcheck-1.zip: 78%
2023-09-17T12:07:47.267Z [Modules] Streaming discord_spellcheck@1 to /home/sshep/.config/discord/0.0.29/modules/pending/discord_spellcheck-1.zip: 79%
2023-09-17T12:07:47.270Z [Modules] Streaming discord_spellcheck@1 to /home/sshep/.config/discord/0.0.29/modules/pending/discord_spellcheck-1.zip: 80%
2023-09-17T12:07:47.272Z [Modules] Streaming discord_spellcheck@1 to /home/sshep/.config/discord/0.0.29/modules/pending/discord_spellcheck-1.zip: 81%
2023-09-17T12:07:47.275Z [Modules] Streaming discord_spellcheck@1 to /home/sshep/.config/discord/0.0.29/modules/pending/discord_spellcheck-1.zip: 82%
2023-09-17T12:07:47.278Z [Modules] Streaming discord_spellcheck@1 to /home/sshep/.config/discord/0.0.29/modules/pending/discord_spellcheck-1.zip: 83%
2023-09-17T12:07:47.279Z [Modules] Streaming discord_spellcheck@1 to /home/sshep/.config/discord/0.0.29/modules/pending/discord_spellcheck-1.zip: 84%
2023-09-17T12:07:47.289Z [Modules] Streaming discord_spellcheck@1 to /home/sshep/.config/discord/0.0.29/modules/pending/discord_spellcheck-1.zip: 85%
2023-09-17T12:07:47.346Z [Modules] Streaming discord_spellcheck@1 to /home/sshep/.config/discord/0.0.29/modules/pending/discord_spellcheck-1.zip: 86%
2023-09-17T12:07:47.350Z [Modules] Streaming discord_spellcheck@1 to /home/sshep/.config/discord/0.0.29/modules/pending/discord_spellcheck-1.zip: 87%
2023-09-17T12:07:47.354Z [Modules] Streaming discord_spellcheck@1 to /home/sshep/.config/discord/0.0.29/modules/pending/discord_spellcheck-1.zip: 88%
2023-09-17T12:07:47.360Z [Modules] Streaming discord_spellcheck@1 to /home/sshep/.config/discord/0.0.29/modules/pending/discord_spellcheck-1.zip: 89%
2023-09-17T12:07:47.367Z [Modules] Streaming discord_spellcheck@1 to /home/sshep/.config/discord/0.0.29/modules/pending/discord_spellcheck-1.zip: 90%
2023-09-17T12:07:47.371Z [Modules] Streaming discord_spellcheck@1 to /home/sshep/.config/discord/0.0.29/modules/pending/discord_spellcheck-1.zip: 91%
2023-09-17T12:07:47.376Z [Modules] Streaming discord_spellcheck@1 to /home/sshep/.config/discord/0.0.29/modules/pending/discord_spellcheck-1.zip: 92%
2023-09-17T12:07:47.381Z [Modules] Streaming discord_spellcheck@1 to /home/sshep/.config/discord/0.0.29/modules/pending/discord_spellcheck-1.zip: 93%
2023-09-17T12:07:47.400Z [Modules] Streaming discord_spellcheck@1 to /home/sshep/.config/discord/0.0.29/modules/pending/discord_spellcheck-1.zip: 94%
2023-09-17T12:07:47.407Z [Modules] Streaming discord_spellcheck@1 to /home/sshep/.config/discord/0.0.29/modules/pending/discord_spellcheck-1.zip: 95%
2023-09-17T12:07:47.410Z [Modules] Streaming discord_spellcheck@1 to /home/sshep/.config/discord/0.0.29/modules/pending/discord_spellcheck-1.zip: 96%
2023-09-17T12:07:47.417Z [Modules] Streaming discord_spellcheck@1 to /home/sshep/.config/discord/0.0.29/modules/pending/discord_spellcheck-1.zip: 97%
2023-09-17T12:07:47.420Z [Modules] Streaming discord_spellcheck@1 to /home/sshep/.config/discord/0.0.29/modules/pending/discord_spellcheck-1.zip: 98%
2023-09-17T12:07:47.427Z [Modules] Streaming discord_spellcheck@1 to /home/sshep/.config/discord/0.0.29/modules/pending/discord_spellcheck-1.zip: 99%
2023-09-17T12:07:47.428Z [Modules] Streaming discord_spellcheck@1 to /home/sshep/.config/discord/0.0.29/modules/pending/discord_spellcheck-1.zip: 100%
2023-09-17T12:07:47.430Z [Modules] Fetching discord_utils@2 from https://discord.com/api/modules/stable/discord_utils/2
2023-09-17T12:07:47.430Z [Modules] Streaming discord_utils@2 to /home/sshep/.config/discord/0.0.29/modules/pending/discord_utils-2.zip
2023-09-17T12:07:47.562Z [Modules] Streaming discord_utils@2 to /home/sshep/.config/discord/0.0.29/modules/pending/discord_utils-2.zip: 1%
2023-09-17T12:07:47.565Z [Modules] Streaming discord_utils@2 to /home/sshep/.config/discord/0.0.29/modules/pending/discord_utils-2.zip: 3%
2023-09-17T12:07:47.567Z [Modules] Streaming discord_utils@2 to /home/sshep/.config/discord/0.0.29/modules/pending/discord_utils-2.zip: 4%
2023-09-17T12:07:47.574Z [Modules] Streaming discord_utils@2 to /home/sshep/.config/discord/0.0.29/modules/pending/discord_utils-2.zip: 6%
2023-09-17T12:07:47.578Z [Modules] Streaming discord_utils@2 to /home/sshep/.config/discord/0.0.29/modules/pending/discord_utils-2.zip: 8%
2023-09-17T12:07:47.582Z [Modules] Streaming discord_utils@2 to /home/sshep/.config/discord/0.0.29/modules/pending/discord_utils-2.zip: 9%
2023-09-17T12:07:47.585Z [Modules] Streaming discord_utils@2 to /home/sshep/.config/discord/0.0.29/modules/pending/discord_utils-2.zip: 10%
2023-09-17T12:07:47.587Z [Modules] Streaming discord_utils@2 to /home/sshep/.config/discord/0.0.29/modules/pending/discord_utils-2.zip: 11%
2023-09-17T12:07:47.591Z [Modules] Streaming discord_utils@2 to /home/sshep/.config/discord/0.0.29/modules/pending/discord_utils-2.zip: 12%
2023-09-17T12:07:47.593Z [Modules] Streaming discord_utils@2 to /home/sshep/.config/discord/0.0.29/modules/pending/discord_utils-2.zip: 13%
2023-09-17T12:07:47.596Z [Modules] Streaming discord_utils@2 to /home/sshep/.config/discord/0.0.29/modules/pending/discord_utils-2.zip: 14%
2023-09-17T12:07:47.671Z [Modules] Streaming discord_utils@2 to /home/sshep/.config/discord/0.0.29/modules/pending/discord_utils-2.zip: 15%
2023-09-17T12:07:47.678Z [Modules] Streaming discord_utils@2 to /home/sshep/.config/discord/0.0.29/modules/pending/discord_utils-2.zip: 17%
2023-09-17T12:07:47.682Z [Modules] Streaming discord_utils@2 to /home/sshep/.config/discord/0.0.29/modules/pending/discord_utils-2.zip: 19%
2023-09-17T12:07:47.686Z [Modules] Streaming discord_utils@2 to /home/sshep/.config/discord/0.0.29/modules/pending/discord_utils-2.zip: 20%
2023-09-17T12:07:47.689Z [Modules] Streaming discord_utils@2 to /home/sshep/.config/discord/0.0.29/modules/pending/discord_utils-2.zip: 21%
2023-09-17T12:07:47.691Z [Modules] Streaming discord_utils@2 to /home/sshep/.config/discord/0.0.29/modules/pending/discord_utils-2.zip: 22%
2023-09-17T12:07:47.694Z [Modules] Streaming discord_utils@2 to /home/sshep/.config/discord/0.0.29/modules/pending/discord_utils-2.zip: 23%
2023-09-17T12:07:47.699Z [Modules] Streaming discord_utils@2 to /home/sshep/.config/discord/0.0.29/modules/pending/discord_utils-2.zip: 24%
2023-09-17T12:07:47.703Z [Modules] Streaming discord_utils@2 to /home/sshep/.config/discord/0.0.29/modules/pending/discord_utils-2.zip: 27%
2023-09-17T12:07:47.706Z [Modules] Streaming discord_utils@2 to /home/sshep/.config/discord/0.0.29/modules/pending/discord_utils-2.zip: 28%
2023-09-17T12:07:47.770Z [Modules] Streaming discord_utils@2 to /home/sshep/.config/discord/0.0.29/modules/pending/discord_utils-2.zip: 29%
2023-09-17T12:07:47.771Z [Modules] Streaming discord_utils@2 to /home/sshep/.config/discord/0.0.29/modules/pending/discord_utils-2.zip: 31%
2023-09-17T12:07:47.773Z [Modules] Streaming discord_utils@2 to /home/sshep/.config/discord/0.0.29/modules/pending/discord_utils-2.zip: 34%
2023-09-17T12:07:47.805Z [Modules] Streaming discord_utils@2 to /home/sshep/.config/discord/0.0.29/modules/pending/discord_utils-2.zip: 36%
2023-09-17T12:07:47.806Z [Modules] Streaming discord_utils@2 to /home/sshep/.config/discord/0.0.29/modules/pending/discord_utils-2.zip: 38%
2023-09-17T12:07:47.849Z [Modules] Streaming discord_utils@2 to /home/sshep/.config/discord/0.0.29/modules/pending/discord_utils-2.zip: 40%
2023-09-17T12:07:47.850Z [Modules] Streaming discord_utils@2 to /home/sshep/.config/discord/0.0.29/modules/pending/discord_utils-2.zip: 42%
2023-09-17T12:07:47.853Z [Modules] Streaming discord_utils@2 to /home/sshep/.config/discord/0.0.29/modules/pending/discord_utils-2.zip: 43%
2023-09-17T12:07:47.855Z [Modules] Streaming discord_utils@2 to /home/sshep/.config/discord/0.0.29/modules/pending/discord_utils-2.zip: 45%
2023-09-17T12:07:47.856Z [Modules] Streaming discord_utils@2 to /home/sshep/.config/discord/0.0.29/modules/pending/discord_utils-2.zip: 49%
2023-09-17T12:07:47.859Z [Modules] Streaming discord_utils@2 to /home/sshep/.config/discord/0.0.29/modules/pending/discord_utils-2.zip: 51%
2023-09-17T12:07:47.861Z [Modules] Streaming discord_utils@2 to /home/sshep/.config/discord/0.0.29/modules/pending/discord_utils-2.zip: 56%
2023-09-17T12:07:47.876Z [Modules] Streaming discord_utils@2 to /home/sshep/.config/discord/0.0.29/modules/pending/discord_utils-2.zip: 57%
2023-09-17T12:07:47.878Z [Modules] Streaming discord_utils@2 to /home/sshep/.config/discord/0.0.29/modules/pending/discord_utils-2.zip: 63%
2023-09-17T12:07:47.880Z [Modules] Streaming discord_utils@2 to /home/sshep/.config/discord/0.0.29/modules/pending/discord_utils-2.zip: 67%
2023-09-17T12:07:47.882Z [Modules] Streaming discord_utils@2 to /home/sshep/.config/discord/0.0.29/modules/pending/discord_utils-2.zip: 70%
2023-09-17T12:07:47.883Z [Modules] Streaming discord_utils@2 to /home/sshep/.config/discord/0.0.29/modules/pending/discord_utils-2.zip: 74%
2023-09-17T12:07:47.885Z [Modules] Streaming discord_utils@2 to /home/sshep/.config/discord/0.0.29/modules/pending/discord_utils-2.zip: 77%
2023-09-17T12:07:47.886Z [Modules] Streaming discord_utils@2 to /home/sshep/.config/discord/0.0.29/modules/pending/discord_utils-2.zip: 81%
2023-09-17T12:07:47.888Z [Modules] Streaming discord_utils@2 to /home/sshep/.config/discord/0.0.29/modules/pending/discord_utils-2.zip: 85%
2023-09-17T12:07:47.890Z [Modules] Streaming discord_utils@2 to /home/sshep/.config/discord/0.0.29/modules/pending/discord_utils-2.zip: 88%
2023-09-17T12:07:47.894Z [Modules] Streaming discord_utils@2 to /home/sshep/.config/discord/0.0.29/modules/pending/discord_utils-2.zip: 90%
2023-09-17T12:07:47.895Z [Modules] Streaming discord_utils@2 to /home/sshep/.config/discord/0.0.29/modules/pending/discord_utils-2.zip: 92%
2023-09-17T12:07:47.896Z [Modules] Streaming discord_utils@2 to /home/sshep/.config/discord/0.0.29/modules/pending/discord_utils-2.zip: 96%
2023-09-17T12:07:47.897Z [Modules] Streaming discord_utils@2 to /home/sshep/.config/discord/0.0.29/modules/pending/discord_utils-2.zip: 99%
2023-09-17T12:07:47.898Z [Modules] Streaming discord_utils@2 to /home/sshep/.config/discord/0.0.29/modules/pending/discord_utils-2.zip: 100%
2023-09-17T12:07:47.899Z [Modules] Fetching discord_voice@2 from https://discord.com/api/modules/stable/discord_voice/2
2023-09-17T12:07:47.899Z [Modules] Streaming discord_voice@2 to /home/sshep/.config/discord/0.0.29/modules/pending/discord_voice-2.zip
2023-09-17T12:07:48.034Z [Modules] Streaming discord_voice@2 to /home/sshep/.config/discord/0.0.29/modules/pending/discord_voice-2.zip: 1%
2023-09-17T12:07:48.049Z [Modules] Streaming discord_voice@2 to /home/sshep/.config/discord/0.0.29/modules/pending/discord_voice-2.zip: 2%
2023-09-17T12:07:48.133Z [Modules] Streaming discord_voice@2 to /home/sshep/.config/discord/0.0.29/modules/pending/discord_voice-2.zip: 3%
2023-09-17T12:07:48.145Z [Modules] Streaming discord_voice@2 to /home/sshep/.config/discord/0.0.29/modules/pending/discord_voice-2.zip: 4%
2023-09-17T12:07:48.159Z [Modules] Streaming discord_voice@2 to /home/sshep/.config/discord/0.0.29/modules/pending/discord_voice-2.zip: 5%
2023-09-17T12:07:48.170Z [Modules] Streaming discord_voice@2 to /home/sshep/.config/discord/0.0.29/modules/pending/discord_voice-2.zip: 6%
2023-09-17T12:07:48.179Z [Modules] Streaming discord_voice@2 to /home/sshep/.config/discord/0.0.29/modules/pending/discord_voice-2.zip: 7%
2023-09-17T12:07:48.190Z [Modules] Streaming discord_voice@2 to /home/sshep/.config/discord/0.0.29/modules/pending/discord_voice-2.zip: 8%
2023-09-17T12:07:48.203Z [Modules] Streaming discord_voice@2 to /home/sshep/.config/discord/0.0.29/modules/pending/discord_voice-2.zip: 9%
2023-09-17T12:07:48.210Z [Modules] Streaming discord_voice@2 to /home/sshep/.config/discord/0.0.29/modules/pending/discord_voice-2.zip: 10%
2023-09-17T12:07:48.213Z [Modules] Streaming discord_voice@2 to /home/sshep/.config/discord/0.0.29/modules/pending/discord_voice-2.zip: 11%
2023-09-17T12:07:48.214Z [Modules] Streaming discord_voice@2 to /home/sshep/.config/discord/0.0.29/modules/pending/discord_voice-2.zip: 12%
2023-09-17T12:07:48.290Z [Modules] Streaming discord_voice@2 to /home/sshep/.config/discord/0.0.29/modules/pending/discord_voice-2.zip: 13%
2023-09-17T12:07:48.370Z [Modules] Streaming discord_voice@2 to /home/sshep/.config/discord/0.0.29/modules/pending/discord_voice-2.zip: 14%
2023-09-17T12:07:48.372Z [Modules] Streaming discord_voice@2 to /home/sshep/.config/discord/0.0.29/modules/pending/discord_voice-2.zip: 15%
2023-09-17T12:07:48.375Z [Modules] Streaming discord_voice@2 to /home/sshep/.config/discord/0.0.29/modules/pending/discord_voice-2.zip: 16%
2023-09-17T12:07:48.377Z [Modules] Streaming discord_voice@2 to /home/sshep/.config/discord/0.0.29/modules/pending/discord_voice-2.zip: 17%
2023-09-17T12:07:48.379Z [Modules] Streaming discord_voice@2 to /home/sshep/.config/discord/0.0.29/modules/pending/discord_voice-2.zip: 18%
2023-09-17T12:07:48.381Z [Modules] Streaming discord_voice@2 to /home/sshep/.config/discord/0.0.29/modules/pending/discord_voice-2.zip: 19%
2023-09-17T12:07:48.384Z [Modules] Streaming discord_voice@2 to /home/sshep/.config/discord/0.0.29/modules/pending/discord_voice-2.zip: 20%
2023-09-17T12:07:48.386Z [Modules] Streaming discord_voice@2 to /home/sshep/.config/discord/0.0.29/modules/pending/discord_voice-2.zip: 21%
2023-09-17T12:07:48.387Z [Modules] Streaming discord_voice@2 to /home/sshep/.config/discord/0.0.29/modules/pending/discord_voice-2.zip: 22%
2023-09-17T12:07:48.388Z [Modules] Streaming discord_voice@2 to /home/sshep/.config/discord/0.0.29/modules/pending/discord_voice-2.zip: 23%
2023-09-17T12:07:48.436Z [Modules] Streaming discord_voice@2 to /home/sshep/.config/discord/0.0.29/modules/pending/discord_voice-2.zip: 24%
2023-09-17T12:07:48.443Z [Modules] Streaming discord_voice@2 to /home/sshep/.config/discord/0.0.29/modules/pending/discord_voice-2.zip: 25%
2023-09-17T12:07:48.448Z [Modules] Streaming discord_voice@2 to /home/sshep/.config/discord/0.0.29/modules/pending/discord_voice-2.zip: 26%
2023-09-17T12:07:48.459Z [Modules] Streaming discord_voice@2 to /home/sshep/.config/discord/0.0.29/modules/pending/discord_voice-2.zip: 27%
2023-09-17T12:07:48.470Z [Modules] Streaming discord_voice@2 to /home/sshep/.config/discord/0.0.29/modules/pending/discord_voice-2.zip: 28%
2023-09-17T12:07:48.480Z [Modules] Streaming discord_voice@2 to /home/sshep/.config/discord/0.0.29/modules/pending/discord_voice-2.zip: 29%
2023-09-17T12:07:48.495Z [Modules] Streaming discord_voice@2 to /home/sshep/.config/discord/0.0.29/modules/pending/discord_voice-2.zip: 30%
2023-09-17T12:07:48.511Z [Modules] Streaming discord_voice@2 to /home/sshep/.config/discord/0.0.29/modules/pending/discord_voice-2.zip: 31%
2023-09-17T12:07:48.527Z [Modules] Streaming discord_voice@2 to /home/sshep/.config/discord/0.0.29/modules/pending/discord_voice-2.zip: 32%
2023-09-17T12:07:48.612Z [Modules] Streaming discord_voice@2 to /home/sshep/.config/discord/0.0.29/modules/pending/discord_voice-2.zip: 33%
2023-09-17T12:07:48.696Z [Modules] Streaming discord_voice@2 to /home/sshep/.config/discord/0.0.29/modules/pending/discord_voice-2.zip: 34%
2023-09-17T12:07:48.699Z [Modules] Streaming discord_voice@2 to /home/sshep/.config/discord/0.0.29/modules/pending/discord_voice-2.zip: 35%
2023-09-17T12:07:48.701Z [Modules] Streaming discord_voice@2 to /home/sshep/.config/discord/0.0.29/modules/pending/discord_voice-2.zip: 36%
2023-09-17T12:07:48.703Z [Modules] Streaming discord_voice@2 to /home/sshep/.config/discord/0.0.29/modules/pending/discord_voice-2.zip: 37%
2023-09-17T12:07:48.706Z [Modules] Streaming discord_voice@2 to /home/sshep/.config/discord/0.0.29/modules/pending/discord_voice-2.zip: 39%
2023-09-17T12:07:48.748Z [Modules] Streaming discord_voice@2 to /home/sshep/.config/discord/0.0.29/modules/pending/discord_voice-2.zip: 40%
2023-09-17T12:07:48.770Z [Modules] Streaming discord_voice@2 to /home/sshep/.config/discord/0.0.29/modules/pending/discord_voice-2.zip: 41%
2023-09-17T12:07:48.772Z [Modules] Streaming discord_voice@2 to /home/sshep/.config/discord/0.0.29/modules/pending/discord_voice-2.zip: 42%
2023-09-17T12:07:48.775Z [Modules] Streaming discord_voice@2 to /home/sshep/.config/discord/0.0.29/modules/pending/discord_voice-2.zip: 43%
2023-09-17T12:07:48.776Z [Modules] Streaming discord_voice@2 to /home/sshep/.config/discord/0.0.29/modules/pending/discord_voice-2.zip: 44%
2023-09-17T12:07:48.916Z [Modules] Streaming discord_voice@2 to /home/sshep/.config/discord/0.0.29/modules/pending/discord_voice-2.zip: 45%
2023-09-17T12:07:48.926Z [Modules] Streaming discord_voice@2 to /home/sshep/.config/discord/0.0.29/modules/pending/discord_voice-2.zip: 46%
2023-09-17T12:07:48.930Z [Modules] Streaming discord_voice@2 to /home/sshep/.config/discord/0.0.29/modules/pending/discord_voice-2.zip: 47%
2023-09-17T12:07:48.967Z [Modules] Streaming discord_voice@2 to /home/sshep/.config/discord/0.0.29/modules/pending/discord_voice-2.zip: 48%
2023-09-17T12:07:48.970Z [Modules] Streaming discord_voice@2 to /home/sshep/.config/discord/0.0.29/modules/pending/discord_voice-2.zip: 49%
2023-09-17T12:07:48.972Z [Modules] Streaming discord_voice@2 to /home/sshep/.config/discord/0.0.29/modules/pending/discord_voice-2.zip: 50%
2023-09-17T12:07:48.975Z [Modules] Streaming discord_voice@2 to /home/sshep/.config/discord/0.0.29/modules/pending/discord_voice-2.zip: 51%
2023-09-17T12:07:48.977Z [Modules] Streaming discord_voice@2 to /home/sshep/.config/discord/0.0.29/modules/pending/discord_voice-2.zip: 52%
2023-09-17T12:07:48.979Z [Modules] Streaming discord_voice@2 to /home/sshep/.config/discord/0.0.29/modules/pending/discord_voice-2.zip: 53%
2023-09-17T12:07:48.980Z [Modules] Streaming discord_voice@2 to /home/sshep/.config/discord/0.0.29/modules/pending/discord_voice-2.zip: 54%
2023-09-17T12:07:48.981Z [Modules] Streaming discord_voice@2 to /home/sshep/.config/discord/0.0.29/modules/pending/discord_voice-2.zip: 55%
2023-09-17T12:07:48.983Z [Modules] Streaming discord_voice@2 to /home/sshep/.config/discord/0.0.29/modules/pending/discord_voice-2.zip: 56%
2023-09-17T12:07:48.984Z [Modules] Streaming discord_voice@2 to /home/sshep/.config/discord/0.0.29/modules/pending/discord_voice-2.zip: 57%
2023-09-17T12:07:49.044Z [Modules] Streaming discord_voice@2 to /home/sshep/.config/discord/0.0.29/modules/pending/discord_voice-2.zip: 58%
2023-09-17T12:07:49.047Z [Modules] Streaming discord_voice@2 to /home/sshep/.config/discord/0.0.29/modules/pending/discord_voice-2.zip: 59%
2023-09-17T12:07:49.055Z [Modules] Streaming discord_voice@2 to /home/sshep/.config/discord/0.0.29/modules/pending/discord_voice-2.zip: 60%
2023-09-17T12:07:49.219Z [Modules] Streaming discord_voice@2 to /home/sshep/.config/discord/0.0.29/modules/pending/discord_voice-2.zip: 61%
2023-09-17T12:07:49.281Z [Modules] Streaming discord_voice@2 to /home/sshep/.config/discord/0.0.29/modules/pending/discord_voice-2.zip: 64%
2023-09-17T12:07:49.283Z [Modules] Streaming discord_voice@2 to /home/sshep/.config/discord/0.0.29/modules/pending/discord_voice-2.zip: 65%
2023-09-17T12:07:49.285Z [Modules] Streaming discord_voice@2 to /home/sshep/.config/discord/0.0.29/modules/pending/discord_voice-2.zip: 66%
2023-09-17T12:07:49.289Z [Modules] Streaming discord_voice@2 to /home/sshep/.config/discord/0.0.29/modules/pending/discord_voice-2.zip: 67%
2023-09-17T12:07:49.297Z [Modules] Streaming discord_voice@2 to /home/sshep/.config/discord/0.0.29/modules/pending/discord_voice-2.zip: 70%
2023-09-17T12:07:49.299Z [Modules] Streaming discord_voice@2 to /home/sshep/.config/discord/0.0.29/modules/pending/discord_voice-2.zip: 71%
2023-09-17T12:07:49.302Z [Modules] Streaming discord_voice@2 to /home/sshep/.config/discord/0.0.29/modules/pending/discord_voice-2.zip: 73%
2023-09-17T12:07:49.304Z [Modules] Streaming discord_voice@2 to /home/sshep/.config/discord/0.0.29/modules/pending/discord_voice-2.zip: 74%
2023-09-17T12:07:49.305Z [Modules] Streaming discord_voice@2 to /home/sshep/.config/discord/0.0.29/modules/pending/discord_voice-2.zip: 75%
2023-09-17T12:07:49.328Z [Modules] Streaming discord_voice@2 to /home/sshep/.config/discord/0.0.29/modules/pending/discord_voice-2.zip: 76%
2023-09-17T12:07:49.345Z [Modules] Streaming discord_voice@2 to /home/sshep/.config/discord/0.0.29/modules/pending/discord_voice-2.zip: 77%
2023-09-17T12:07:49.358Z [Modules] Streaming discord_voice@2 to /home/sshep/.config/discord/0.0.29/modules/pending/discord_voice-2.zip: 78%
2023-09-17T12:07:49.440Z [Modules] Streaming discord_voice@2 to /home/sshep/.config/discord/0.0.29/modules/pending/discord_voice-2.zip: 79%
2023-09-17T12:07:49.455Z [Modules] Streaming discord_voice@2 to /home/sshep/.config/discord/0.0.29/modules/pending/discord_voice-2.zip: 80%
2023-09-17T12:07:49.465Z [Modules] Streaming discord_voice@2 to /home/sshep/.config/discord/0.0.29/modules/pending/discord_voice-2.zip: 81%
2023-09-17T12:07:49.476Z [Modules] Streaming discord_voice@2 to /home/sshep/.config/discord/0.0.29/modules/pending/discord_voice-2.zip: 82%
2023-09-17T12:07:49.490Z [Modules] Streaming discord_voice@2 to /home/sshep/.config/discord/0.0.29/modules/pending/discord_voice-2.zip: 83%
2023-09-17T12:07:49.501Z [Modules] Streaming discord_voice@2 to /home/sshep/.config/discord/0.0.29/modules/pending/discord_voice-2.zip: 84%
2023-09-17T12:07:49.510Z [Modules] Streaming discord_voice@2 to /home/sshep/.config/discord/0.0.29/modules/pending/discord_voice-2.zip: 85%
2023-09-17T12:07:49.517Z [Modules] Streaming discord_voice@2 to /home/sshep/.config/discord/0.0.29/modules/pending/discord_voice-2.zip: 86%
2023-09-17T12:07:49.519Z [Modules] Streaming discord_voice@2 to /home/sshep/.config/discord/0.0.29/modules/pending/discord_voice-2.zip: 87%
2023-09-17T12:07:49.520Z [Modules] Streaming discord_voice@2 to /home/sshep/.config/discord/0.0.29/modules/pending/discord_voice-2.zip: 88%
2023-09-17T12:07:49.600Z [Modules] Streaming discord_voice@2 to /home/sshep/.config/discord/0.0.29/modules/pending/discord_voice-2.zip: 89%
2023-09-17T12:07:49.608Z [Modules] Streaming discord_voice@2 to /home/sshep/.config/discord/0.0.29/modules/pending/discord_voice-2.zip: 90%
2023-09-17T12:07:49.618Z [Modules] Streaming discord_voice@2 to /home/sshep/.config/discord/0.0.29/modules/pending/discord_voice-2.zip: 91%
2023-09-17T12:07:49.626Z [Modules] Streaming discord_voice@2 to /home/sshep/.config/discord/0.0.29/modules/pending/discord_voice-2.zip: 92%
2023-09-17T12:07:49.632Z [Modules] Streaming discord_voice@2 to /home/sshep/.config/discord/0.0.29/modules/pending/discord_voice-2.zip: 93%
2023-09-17T12:07:49.639Z [Modules] Streaming discord_voice@2 to /home/sshep/.config/discord/0.0.29/modules/pending/discord_voice-2.zip: 94%
2023-09-17T12:07:49.652Z [Modules] Streaming discord_voice@2 to /home/sshep/.config/discord/0.0.29/modules/pending/discord_voice-2.zip: 95%
2023-09-17T12:07:49.661Z [Modules] Streaming discord_voice@2 to /home/sshep/.config/discord/0.0.29/modules/pending/discord_voice-2.zip: 96%
2023-09-17T12:07:49.667Z [Modules] Streaming discord_voice@2 to /home/sshep/.config/discord/0.0.29/modules/pending/discord_voice-2.zip: 97%
2023-09-17T12:07:49.676Z [Modules] Streaming discord_voice@2 to /home/sshep/.config/discord/0.0.29/modules/pending/discord_voice-2.zip: 98%
2023-09-17T12:07:49.680Z [Modules] Streaming discord_voice@2 to /home/sshep/.config/discord/0.0.29/modules/pending/discord_voice-2.zip: 99%
2023-09-17T12:07:49.737Z [Modules] Streaming discord_voice@2 to /home/sshep/.config/discord/0.0.29/modules/pending/discord_voice-2.zip: 100%
2023-09-17T12:07:49.738Z [Modules] Finished module downloads. [success: 5] [failure: 0]
2023-09-17T12:07:49.739Z [Modules] Installing updates...
2023-09-17T12:07:49.739Z [Modules] Installing discord_desktop_core@2 from /home/sshep/.config/discord/0.0.29/modules/pending/discord_desktop_core-2.zip
2023-09-17T12:07:49.911Z [Modules] Installing discord_erlpack@1 from /home/sshep/.config/discord/0.0.29/modules/pending/discord_erlpack-1.zip
2023-09-17T12:07:50.008Z [Modules] Installing discord_spellcheck@1 from /home/sshep/.config/discord/0.0.29/modules/pending/discord_spellcheck-1.zip
2023-09-17T12:07:51.010Z [Modules] Installing discord_utils@2 from /home/sshep/.config/discord/0.0.29/modules/pending/discord_utils-2.zip
2023-09-17T12:07:51.588Z [Modules] Installing discord_voice@2 from /home/sshep/.config/discord/0.0.29/modules/pending/discord_voice-2.zip
2023-09-17T12:07:52.911Z [Modules] Finished module installations. [success: 5] [failure: 0]
2023-09-17T12:07:52.911Z [Modules] Checking for host updates.
2023-09-17T12:07:52.981Z [Modules] Host is up to date.
2023-09-17T12:07:52.981Z [Modules] Checking for module updates at https://discord.com/api/modules/stable/versions.json
2023-09-17T12:07:52.989Z [Modules] No module updates available.
2023-09-17T12:07:54.557Z [Modules] Starting to install discord_krisp...
2023-09-17T12:07:54.557Z [Modules] Fetching discord_krisp@1 from https://discord.com/api/modules/stable/discord_krisp/1
2023-09-17T12:07:54.558Z [Modules] Streaming discord_krisp@1 to /home/sshep/.config/discord/0.0.29/modules/pending/discord_krisp-1.zip
2023-09-17T12:07:54.575Z [Modules] Starting to install discord_game_utils...
2023-09-17T12:07:54.698Z [Modules] Streaming discord_krisp@1 to /home/sshep/.config/discord/0.0.29/modules/pending/discord_krisp-1.zip: 1%
2023-09-17T12:07:54.718Z [Modules] Streaming discord_krisp@1 to /home/sshep/.config/discord/0.0.29/modules/pending/discord_krisp-1.zip: 2%
2023-09-17T12:07:54.918Z [Modules] Streaming discord_krisp@1 to /home/sshep/.config/discord/0.0.29/modules/pending/discord_krisp-1.zip: 3%
2023-09-17T12:07:55.004Z [Modules] Streaming discord_krisp@1 to /home/sshep/.config/discord/0.0.29/modules/pending/discord_krisp-1.zip: 4%
2023-09-17T12:07:55.036Z [Modules] Streaming discord_krisp@1 to /home/sshep/.config/discord/0.0.29/modules/pending/discord_krisp-1.zip: 5%
2023-09-17T12:07:55.050Z [Modules] Streaming discord_krisp@1 to /home/sshep/.config/discord/0.0.29/modules/pending/discord_krisp-1.zip: 6%
2023-09-17T12:07:55.061Z [Modules] Streaming discord_krisp@1 to /home/sshep/.config/discord/0.0.29/modules/pending/discord_krisp-1.zip: 7%
2023-09-17T12:07:55.067Z [Modules] Streaming discord_krisp@1 to /home/sshep/.config/discord/0.0.29/modules/pending/discord_krisp-1.zip: 8%
2023-09-17T12:07:55.082Z [Modules] Streaming discord_krisp@1 to /home/sshep/.config/discord/0.0.29/modules/pending/discord_krisp-1.zip: 9%
2023-09-17T12:07:55.086Z [Modules] Streaming discord_krisp@1 to /home/sshep/.config/discord/0.0.29/modules/pending/discord_krisp-1.zip: 10%
2023-09-17T12:07:55.091Z [Modules] Streaming discord_krisp@1 to /home/sshep/.config/discord/0.0.29/modules/pending/discord_krisp-1.zip: 11%
2023-09-17T12:07:55.094Z [Modules] Streaming discord_krisp@1 to /home/sshep/.config/discord/0.0.29/modules/pending/discord_krisp-1.zip: 12%
2023-09-17T12:07:55.098Z [Modules] Streaming discord_krisp@1 to /home/sshep/.config/discord/0.0.29/modules/pending/discord_krisp-1.zip: 13%
2023-09-17T12:07:55.100Z [Modules] Streaming discord_krisp@1 to /home/sshep/.config/discord/0.0.29/modules/pending/discord_krisp-1.zip: 14%
2023-09-17T12:07:55.103Z [Modules] Streaming discord_krisp@1 to /home/sshep/.config/discord/0.0.29/modules/pending/discord_krisp-1.zip: 15%
2023-09-17T12:07:55.105Z [Modules] Streaming discord_krisp@1 to /home/sshep/.config/discord/0.0.29/modules/pending/discord_krisp-1.zip: 16%
2023-09-17T12:07:55.106Z [Modules] Streaming discord_krisp@1 to /home/sshep/.config/discord/0.0.29/modules/pending/discord_krisp-1.zip: 17%
2023-09-17T12:07:55.121Z [Modules] Streaming discord_krisp@1 to /home/sshep/.config/discord/0.0.29/modules/pending/discord_krisp-1.zip: 18%
2023-09-17T12:07:55.144Z [Modules] Streaming discord_krisp@1 to /home/sshep/.config/discord/0.0.29/modules/pending/discord_krisp-1.zip: 19%
2023-09-17T12:07:55.156Z [Modules] Streaming discord_krisp@1 to /home/sshep/.config/discord/0.0.29/modules/pending/discord_krisp-1.zip: 20%
2023-09-17T12:07:55.169Z [Modules] Streaming discord_krisp@1 to /home/sshep/.config/discord/0.0.29/modules/pending/discord_krisp-1.zip: 21%
2023-09-17T12:07:55.174Z [Modules] Streaming discord_krisp@1 to /home/sshep/.config/discord/0.0.29/modules/pending/discord_krisp-1.zip: 22%
2023-09-17T12:07:55.175Z [Modules] Streaming discord_krisp@1 to /home/sshep/.config/discord/0.0.29/modules/pending/discord_krisp-1.zip: 23%
2023-09-17T12:07:55.187Z [Modules] Streaming discord_krisp@1 to /home/sshep/.config/discord/0.0.29/modules/pending/discord_krisp-1.zip: 24%
2023-09-17T12:07:55.204Z [Modules] Streaming discord_krisp@1 to /home/sshep/.config/discord/0.0.29/modules/pending/discord_krisp-1.zip: 25%
2023-09-17T12:07:55.320Z [Modules] Streaming discord_krisp@1 to /home/sshep/.config/discord/0.0.29/modules/pending/discord_krisp-1.zip: 26%
2023-09-17T12:07:55.376Z [Modules] Streaming discord_krisp@1 to /home/sshep/.config/discord/0.0.29/modules/pending/discord_krisp-1.zip: 27%
2023-09-17T12:07:55.382Z [Modules] Streaming discord_krisp@1 to /home/sshep/.config/discord/0.0.29/modules/pending/discord_krisp-1.zip: 28%
2023-09-17T12:07:55.450Z [Modules] Streaming discord_krisp@1 to /home/sshep/.config/discord/0.0.29/modules/pending/discord_krisp-1.zip: 29%
2023-09-17T12:07:55.453Z [Modules] Streaming discord_krisp@1 to /home/sshep/.config/discord/0.0.29/modules/pending/discord_krisp-1.zip: 30%
2023-09-17T12:07:55.456Z [Modules] Streaming discord_krisp@1 to /home/sshep/.config/discord/0.0.29/modules/pending/discord_krisp-1.zip: 31%
2023-09-17T12:07:55.458Z [Modules] Streaming discord_krisp@1 to /home/sshep/.config/discord/0.0.29/modules/pending/discord_krisp-1.zip: 32%
2023-09-17T12:07:55.459Z [Modules] Streaming discord_krisp@1 to /home/sshep/.config/discord/0.0.29/modules/pending/discord_krisp-1.zip: 33%
2023-09-17T12:07:55.461Z [Modules] Streaming discord_krisp@1 to /home/sshep/.config/discord/0.0.29/modules/pending/discord_krisp-1.zip: 34%
2023-09-17T12:07:55.463Z [Modules] Streaming discord_krisp@1 to /home/sshep/.config/discord/0.0.29/modules/pending/discord_krisp-1.zip: 35%
2023-09-17T12:07:55.464Z [Modules] Streaming discord_krisp@1 to /home/sshep/.config/discord/0.0.29/modules/pending/discord_krisp-1.zip: 36%
2023-09-17T12:07:55.466Z [Modules] Streaming discord_krisp@1 to /home/sshep/.config/discord/0.0.29/modules/pending/discord_krisp-1.zip: 37%
2023-09-17T12:07:55.471Z [Modules] Streaming discord_krisp@1 to /home/sshep/.config/discord/0.0.29/modules/pending/discord_krisp-1.zip: 38%
2023-09-17T12:07:55.497Z [Modules] Streaming discord_krisp@1 to /home/sshep/.config/discord/0.0.29/modules/pending/discord_krisp-1.zip: 39%
2023-09-17T12:07:55.504Z [Modules] Streaming discord_krisp@1 to /home/sshep/.config/discord/0.0.29/modules/pending/discord_krisp-1.zip: 40%
2023-09-17T12:07:55.522Z [Modules] Streaming discord_krisp@1 to /home/sshep/.config/discord/0.0.29/modules/pending/discord_krisp-1.zip: 41%
2023-09-17T12:07:55.538Z [Modules] Streaming discord_krisp@1 to /home/sshep/.config/discord/0.0.29/modules/pending/discord_krisp-1.zip: 42%
2023-09-17T12:07:55.547Z [Modules] Checking for host updates.
2023-09-17T12:07:55.623Z [Modules] Streaming discord_krisp@1 to /home/sshep/.config/discord/0.0.29/modules/pending/discord_krisp-1.zip: 43%
2023-09-17T12:07:55.634Z [Modules] Host is up to date.
2023-09-17T12:07:55.634Z [Modules] Checking for module updates at https://discord.com/api/modules/stable/versions.json
2023-09-17T12:07:55.638Z [Modules] No module updates available.
2023-09-17T12:07:55.638Z [Modules] Streaming discord_krisp@1 to /home/sshep/.config/discord/0.0.29/modules/pending/discord_krisp-1.zip: 44%
2023-09-17T12:07:55.648Z [Modules] Streaming discord_krisp@1 to /home/sshep/.config/discord/0.0.29/modules/pending/discord_krisp-1.zip: 45%
2023-09-17T12:07:55.662Z [Modules] Streaming discord_krisp@1 to /home/sshep/.config/discord/0.0.29/modules/pending/discord_krisp-1.zip: 46%
2023-09-17T12:07:55.672Z [Modules] Streaming discord_krisp@1 to /home/sshep/.config/discord/0.0.29/modules/pending/discord_krisp-1.zip: 47%
2023-09-17T12:07:55.685Z [Modules] Streaming discord_krisp@1 to /home/sshep/.config/discord/0.0.29/modules/pending/discord_krisp-1.zip: 48%
2023-09-17T12:07:55.692Z [Modules] Streaming discord_krisp@1 to /home/sshep/.config/discord/0.0.29/modules/pending/discord_krisp-1.zip: 49%
2023-09-17T12:07:55.694Z [Modules] Streaming discord_krisp@1 to /home/sshep/.config/discord/0.0.29/modules/pending/discord_krisp-1.zip: 50%
2023-09-17T12:07:55.695Z [Modules] Streaming discord_krisp@1 to /home/sshep/.config/discord/0.0.29/modules/pending/discord_krisp-1.zip: 51%
2023-09-17T12:07:55.782Z [Modules] Streaming discord_krisp@1 to /home/sshep/.config/discord/0.0.29/modules/pending/discord_krisp-1.zip: 52%
2023-09-17T12:07:55.790Z [Modules] Streaming discord_krisp@1 to /home/sshep/.config/discord/0.0.29/modules/pending/discord_krisp-1.zip: 53%
2023-09-17T12:07:55.796Z [Modules] Streaming discord_krisp@1 to /home/sshep/.config/discord/0.0.29/modules/pending/discord_krisp-1.zip: 54%
2023-09-17T12:07:55.811Z [Modules] Streaming discord_krisp@1 to /home/sshep/.config/discord/0.0.29/modules/pending/discord_krisp-1.zip: 55%
2023-09-17T12:07:55.819Z [Modules] Streaming discord_krisp@1 to /home/sshep/.config/discord/0.0.29/modules/pending/discord_krisp-1.zip: 56%
2023-09-17T12:07:55.830Z [Modules] Streaming discord_krisp@1 to /home/sshep/.config/discord/0.0.29/modules/pending/discord_krisp-1.zip: 57%
2023-09-17T12:07:55.836Z [Modules] Streaming discord_krisp@1 to /home/sshep/.config/discord/0.0.29/modules/pending/discord_krisp-1.zip: 58%
2023-09-17T12:07:55.846Z [Modules] Streaming discord_krisp@1 to /home/sshep/.config/discord/0.0.29/modules/pending/discord_krisp-1.zip: 59%
2023-09-17T12:07:55.853Z [Modules] Streaming discord_krisp@1 to /home/sshep/.config/discord/0.0.29/modules/pending/discord_krisp-1.zip: 60%
2023-09-17T12:07:55.936Z [Modules] Streaming discord_krisp@1 to /home/sshep/.config/discord/0.0.29/modules/pending/discord_krisp-1.zip: 61%
2023-09-17T12:07:56.024Z [Modules] Starting to install discord_rpc...
2023-09-17T12:07:56.429Z [Modules] Streaming discord_krisp@1 to /home/sshep/.config/discord/0.0.29/modules/pending/discord_krisp-1.zip: 62%
2023-09-17T12:07:56.526Z [Modules] Streaming discord_krisp@1 to /home/sshep/.config/discord/0.0.29/modules/pending/discord_krisp-1.zip: 63%
2023-09-17T12:07:56.532Z [Modules] Streaming discord_krisp@1 to /home/sshep/.config/discord/0.0.29/modules/pending/discord_krisp-1.zip: 64%
2023-09-17T12:07:56.536Z [Modules] Streaming discord_krisp@1 to /home/sshep/.config/discord/0.0.29/modules/pending/discord_krisp-1.zip: 65%
2023-09-17T12:07:56.541Z [Modules] Streaming discord_krisp@1 to /home/sshep/.config/discord/0.0.29/modules/pending/discord_krisp-1.zip: 66%
2023-09-17T12:07:56.545Z [Modules] Streaming discord_krisp@1 to /home/sshep/.config/discord/0.0.29/modules/pending/discord_krisp-1.zip: 67%
2023-09-17T12:07:56.551Z [Modules] Streaming discord_krisp@1 to /home/sshep/.config/discord/0.0.29/modules/pending/discord_krisp-1.zip: 68%
2023-09-17T12:07:56.558Z [Modules] Streaming discord_krisp@1 to /home/sshep/.config/discord/0.0.29/modules/pending/discord_krisp-1.zip: 69%
2023-09-17T12:07:56.719Z [Modules] Streaming discord_krisp@1 to /home/sshep/.config/discord/0.0.29/modules/pending/discord_krisp-1.zip: 70%
2023-09-17T12:07:56.731Z [Modules] Streaming discord_krisp@1 to /home/sshep/.config/discord/0.0.29/modules/pending/discord_krisp-1.zip: 71%
2023-09-17T12:07:56.734Z [Modules] Streaming discord_krisp@1 to /home/sshep/.config/discord/0.0.29/modules/pending/discord_krisp-1.zip: 72%
2023-09-17T12:07:56.736Z [Modules] Streaming discord_krisp@1 to /home/sshep/.config/discord/0.0.29/modules/pending/discord_krisp-1.zip: 73%
2023-09-17T12:07:56.738Z [Modules] Streaming discord_krisp@1 to /home/sshep/.config/discord/0.0.29/modules/pending/discord_krisp-1.zip: 74%
2023-09-17T12:07:56.740Z [Modules] Streaming discord_krisp@1 to /home/sshep/.config/discord/0.0.29/modules/pending/discord_krisp-1.zip: 75%
2023-09-17T12:07:56.741Z [Modules] Streaming discord_krisp@1 to /home/sshep/.config/discord/0.0.29/modules/pending/discord_krisp-1.zip: 76%
2023-09-17T12:07:56.742Z [Modules] Streaming discord_krisp@1 to /home/sshep/.config/discord/0.0.29/modules/pending/discord_krisp-1.zip: 77%
2023-09-17T12:07:56.743Z [Modules] Streaming discord_krisp@1 to /home/sshep/.config/discord/0.0.29/modules/pending/discord_krisp-1.zip: 78%
2023-09-17T12:07:56.772Z [Modules] Streaming discord_krisp@1 to /home/sshep/.config/discord/0.0.29/modules/pending/discord_krisp-1.zip: 79%
2023-09-17T12:07:56.780Z [Modules] Streaming discord_krisp@1 to /home/sshep/.config/discord/0.0.29/modules/pending/discord_krisp-1.zip: 80%
2023-09-17T12:07:56.795Z [Modules] Streaming discord_krisp@1 to /home/sshep/.config/discord/0.0.29/modules/pending/discord_krisp-1.zip: 81%
2023-09-17T12:07:56.797Z [Modules] Streaming discord_krisp@1 to /home/sshep/.config/discord/0.0.29/modules/pending/discord_krisp-1.zip: 82%
2023-09-17T12:07:56.899Z [Modules] Streaming discord_krisp@1 to /home/sshep/.config/discord/0.0.29/modules/pending/discord_krisp-1.zip: 83%
2023-09-17T12:07:56.900Z [Modules] Streaming discord_krisp@1 to /home/sshep/.config/discord/0.0.29/modules/pending/discord_krisp-1.zip: 84%
2023-09-17T12:07:56.960Z [Modules] Streaming discord_krisp@1 to /home/sshep/.config/discord/0.0.29/modules/pending/discord_krisp-1.zip: 85%
2023-09-17T12:07:56.971Z [Modules] Streaming discord_krisp@1 to /home/sshep/.config/discord/0.0.29/modules/pending/discord_krisp-1.zip: 86%
2023-09-17T12:07:56.976Z [Modules] Streaming discord_krisp@1 to /home/sshep/.config/discord/0.0.29/modules/pending/discord_krisp-1.zip: 87%
2023-09-17T12:07:56.982Z [Modules] Streaming discord_krisp@1 to /home/sshep/.config/discord/0.0.29/modules/pending/discord_krisp-1.zip: 88%
2023-09-17T12:07:56.989Z [Modules] Streaming discord_krisp@1 to /home/sshep/.config/discord/0.0.29/modules/pending/discord_krisp-1.zip: 89%
2023-09-17T12:07:56.996Z [Modules] Streaming discord_krisp@1 to /home/sshep/.config/discord/0.0.29/modules/pending/discord_krisp-1.zip: 90%
2023-09-17T12:07:57.001Z [Modules] Streaming discord_krisp@1 to /home/sshep/.config/discord/0.0.29/modules/pending/discord_krisp-1.zip: 91%
2023-09-17T12:07:57.007Z [Modules] Streaming discord_krisp@1 to /home/sshep/.config/discord/0.0.29/modules/pending/discord_krisp-1.zip: 92%
2023-09-17T12:07:57.010Z [Modules] Streaming discord_krisp@1 to /home/sshep/.config/discord/0.0.29/modules/pending/discord_krisp-1.zip: 93%
2023-09-17T12:07:57.011Z [Modules] Streaming discord_krisp@1 to /home/sshep/.config/discord/0.0.29/modules/pending/discord_krisp-1.zip: 94%
2023-09-17T12:07:57.015Z [Modules] Streaming discord_krisp@1 to /home/sshep/.config/discord/0.0.29/modules/pending/discord_krisp-1.zip: 95%
2023-09-17T12:07:57.030Z [Modules] Streaming discord_krisp@1 to /home/sshep/.config/discord/0.0.29/modules/pending/discord_krisp-1.zip: 96%
2023-09-17T12:07:57.046Z [Modules] Streaming discord_krisp@1 to /home/sshep/.config/discord/0.0.29/modules/pending/discord_krisp-1.zip: 97%
2023-09-17T12:07:57.064Z [Modules] Streaming discord_krisp@1 to /home/sshep/.config/discord/0.0.29/modules/pending/discord_krisp-1.zip: 98%
2023-09-17T12:07:57.128Z [Modules] Streaming discord_krisp@1 to /home/sshep/.config/discord/0.0.29/modules/pending/discord_krisp-1.zip: 99%
2023-09-17T12:07:57.166Z [Modules] Streaming discord_krisp@1 to /home/sshep/.config/discord/0.0.29/modules/pending/discord_krisp-1.zip: 100%
2023-09-17T12:07:57.169Z [Modules] Fetching discord_game_utils@1 from https://discord.com/api/modules/stable/discord_game_utils/1
2023-09-17T12:07:57.170Z [Modules] Streaming discord_game_utils@1 to /home/sshep/.config/discord/0.0.29/modules/pending/discord_game_utils-1.zip
2023-09-17T12:07:57.170Z [Modules] Installing discord_krisp@1 from /home/sshep/.config/discord/0.0.29/modules/pending/discord_krisp-1.zip
2023-09-17T12:07:57.332Z [Modules] Streaming discord_game_utils@1 to /home/sshep/.config/discord/0.0.29/modules/pending/discord_game_utils-1.zip: 2%
2023-09-17T12:07:57.336Z [Modules] Streaming discord_game_utils@1 to /home/sshep/.config/discord/0.0.29/modules/pending/discord_game_utils-1.zip: 3%
2023-09-17T12:07:57.336Z [Modules] Streaming discord_game_utils@1 to /home/sshep/.config/discord/0.0.29/modules/pending/discord_game_utils-1.zip: 4%
2023-09-17T12:07:57.337Z [Modules] Streaming discord_game_utils@1 to /home/sshep/.config/discord/0.0.29/modules/pending/discord_game_utils-1.zip: 5%
2023-09-17T12:07:57.341Z [Modules] Streaming discord_game_utils@1 to /home/sshep/.config/discord/0.0.29/modules/pending/discord_game_utils-1.zip: 7%
2023-09-17T12:07:57.345Z [Modules] Streaming discord_game_utils@1 to /home/sshep/.config/discord/0.0.29/modules/pending/discord_game_utils-1.zip: 9%
2023-09-17T12:07:57.347Z [Modules] Streaming discord_game_utils@1 to /home/sshep/.config/discord/0.0.29/modules/pending/discord_game_utils-1.zip: 10%
2023-09-17T12:07:57.350Z [Modules] Streaming discord_game_utils@1 to /home/sshep/.config/discord/0.0.29/modules/pending/discord_game_utils-1.zip: 12%
2023-09-17T12:07:57.354Z [Modules] Streaming discord_game_utils@1 to /home/sshep/.config/discord/0.0.29/modules/pending/discord_game_utils-1.zip: 14%
2023-09-17T12:07:57.359Z [Modules] Streaming discord_game_utils@1 to /home/sshep/.config/discord/0.0.29/modules/pending/discord_game_utils-1.zip: 17%
2023-09-17T12:07:57.363Z [Modules] Streaming discord_game_utils@1 to /home/sshep/.config/discord/0.0.29/modules/pending/discord_game_utils-1.zip: 18%
2023-09-17T12:07:57.365Z [Modules] Streaming discord_game_utils@1 to /home/sshep/.config/discord/0.0.29/modules/pending/discord_game_utils-1.zip: 20%
2023-09-17T12:07:57.430Z [Modules] Streaming discord_game_utils@1 to /home/sshep/.config/discord/0.0.29/modules/pending/discord_game_utils-1.zip: 22%
2023-09-17T12:07:57.432Z [Modules] Streaming discord_game_utils@1 to /home/sshep/.config/discord/0.0.29/modules/pending/discord_game_utils-1.zip: 24%
2023-09-17T12:07:57.436Z [Modules] Streaming discord_game_utils@1 to /home/sshep/.config/discord/0.0.29/modules/pending/discord_game_utils-1.zip: 26%
2023-09-17T12:07:57.438Z [Modules] Streaming discord_game_utils@1 to /home/sshep/.config/discord/0.0.29/modules/pending/discord_game_utils-1.zip: 29%
2023-09-17T12:07:57.442Z [Modules] Streaming discord_game_utils@1 to /home/sshep/.config/discord/0.0.29/modules/pending/discord_game_utils-1.zip: 31%
2023-09-17T12:07:57.444Z [Modules] Streaming discord_game_utils@1 to /home/sshep/.config/discord/0.0.29/modules/pending/discord_game_utils-1.zip: 32%
2023-09-17T12:07:57.446Z [Modules] Streaming discord_game_utils@1 to /home/sshep/.config/discord/0.0.29/modules/pending/discord_game_utils-1.zip: 35%
2023-09-17T12:07:57.450Z [Modules] Streaming discord_game_utils@1 to /home/sshep/.config/discord/0.0.29/modules/pending/discord_game_utils-1.zip: 37%
2023-09-17T12:07:57.453Z [Modules] Streaming discord_game_utils@1 to /home/sshep/.config/discord/0.0.29/modules/pending/discord_game_utils-1.zip: 40%
2023-09-17T12:07:57.456Z [Modules] Streaming discord_game_utils@1 to /home/sshep/.config/discord/0.0.29/modules/pending/discord_game_utils-1.zip: 42%
2023-09-17T12:07:57.460Z [Modules] Streaming discord_game_utils@1 to /home/sshep/.config/discord/0.0.29/modules/pending/discord_game_utils-1.zip: 44%
2023-09-17T12:07:57.462Z [Modules] Streaming discord_game_utils@1 to /home/sshep/.config/discord/0.0.29/modules/pending/discord_game_utils-1.zip: 47%
2023-09-17T12:07:57.466Z [Modules] Streaming discord_game_utils@1 to /home/sshep/.config/discord/0.0.29/modules/pending/discord_game_utils-1.zip: 50%
2023-09-17T12:07:57.469Z [Modules] Streaming discord_game_utils@1 to /home/sshep/.config/discord/0.0.29/modules/pending/discord_game_utils-1.zip: 52%
2023-09-17T12:07:57.472Z [Modules] Streaming discord_game_utils@1 to /home/sshep/.config/discord/0.0.29/modules/pending/discord_game_utils-1.zip: 55%
2023-09-17T12:07:57.476Z [Modules] Streaming discord_game_utils@1 to /home/sshep/.config/discord/0.0.29/modules/pending/discord_game_utils-1.zip: 57%
2023-09-17T12:07:57.479Z [Modules] Streaming discord_game_utils@1 to /home/sshep/.config/discord/0.0.29/modules/pending/discord_game_utils-1.zip: 60%
2023-09-17T12:07:57.483Z [Modules] Streaming discord_game_utils@1 to /home/sshep/.config/discord/0.0.29/modules/pending/discord_game_utils-1.zip: 63%
2023-09-17T12:07:57.486Z [Modules] Streaming discord_game_utils@1 to /home/sshep/.config/discord/0.0.29/modules/pending/discord_game_utils-1.zip: 65%
2023-09-17T12:07:57.489Z [Modules] Streaming discord_game_utils@1 to /home/sshep/.config/discord/0.0.29/modules/pending/discord_game_utils-1.zip: 68%
2023-09-17T12:07:57.493Z [Modules] Streaming discord_game_utils@1 to /home/sshep/.config/discord/0.0.29/modules/pending/discord_game_utils-1.zip: 70%
2023-09-17T12:07:57.496Z [Modules] Streaming discord_game_utils@1 to /home/sshep/.config/discord/0.0.29/modules/pending/discord_game_utils-1.zip: 73%
2023-09-17T12:07:57.500Z [Modules] Streaming discord_game_utils@1 to /home/sshep/.config/discord/0.0.29/modules/pending/discord_game_utils-1.zip: 76%
2023-09-17T12:07:57.504Z [Modules] Streaming discord_game_utils@1 to /home/sshep/.config/discord/0.0.29/modules/pending/discord_game_utils-1.zip: 78%
2023-09-17T12:07:57.505Z [Modules] Streaming discord_game_utils@1 to /home/sshep/.config/discord/0.0.29/modules/pending/discord_game_utils-1.zip: 79%
2023-09-17T12:07:57.509Z [Modules] Streaming discord_game_utils@1 to /home/sshep/.config/discord/0.0.29/modules/pending/discord_game_utils-1.zip: 82%
2023-09-17T12:07:57.510Z [Modules] Streaming discord_game_utils@1 to /home/sshep/.config/discord/0.0.29/modules/pending/discord_game_utils-1.zip: 83%
2023-09-17T12:07:57.513Z [Modules] Streaming discord_game_utils@1 to /home/sshep/.config/discord/0.0.29/modules/pending/discord_game_utils-1.zip: 86%
2023-09-17T12:07:57.515Z [Modules] Streaming discord_game_utils@1 to /home/sshep/.config/discord/0.0.29/modules/pending/discord_game_utils-1.zip: 88%
2023-09-17T12:07:57.516Z [Modules] Streaming discord_game_utils@1 to /home/sshep/.config/discord/0.0.29/modules/pending/discord_game_utils-1.zip: 90%
2023-09-17T12:07:57.516Z [Modules] Streaming discord_game_utils@1 to /home/sshep/.config/discord/0.0.29/modules/pending/discord_game_utils-1.zip: 92%
2023-09-17T12:07:57.517Z [Modules] Streaming discord_game_utils@1 to /home/sshep/.config/discord/0.0.29/modules/pending/discord_game_utils-1.zip: 95%
2023-09-17T12:07:57.517Z [Modules] Streaming discord_game_utils@1 to /home/sshep/.config/discord/0.0.29/modules/pending/discord_game_utils-1.zip: 98%
2023-09-17T12:07:57.518Z [Modules] Streaming discord_game_utils@1 to /home/sshep/.config/discord/0.0.29/modules/pending/discord_game_utils-1.zip: 100%
2023-09-17T12:07:57.519Z [Modules] Fetching discord_rpc@1 from https://discord.com/api/modules/stable/discord_rpc/1
2023-09-17T12:07:57.519Z [Modules] Streaming discord_rpc@1 to /home/sshep/.config/discord/0.0.29/modules/pending/discord_rpc-1.zip
2023-09-17T12:07:57.653Z [Modules] Streaming discord_rpc@1 to /home/sshep/.config/discord/0.0.29/modules/pending/discord_rpc-1.zip: 100%
2023-09-17T12:07:57.655Z [Modules] Finished module downloads. [success: 3] [failure: 0]
2023-09-17T12:07:58.042Z [Modules] Installing discord_game_utils@1 from /home/sshep/.config/discord/0.0.29/modules/pending/discord_game_utils-1.zip
2023-09-17T12:07:58.154Z [Modules] Installing discord_rpc@1 from /home/sshep/.config/discord/0.0.29/modules/pending/discord_rpc-1.zip
2023-09-17T12:07:58.190Z [Modules] Finished module installations. [success: 3] [failure: 0]
2023-09-17T13:13:27.589Z [Modules] Modules initializing
2023-09-17T13:13:27.589Z [Modules] Distribution: remote
2023-09-17T13:13:27.590Z [Modules] Host updates: enabled
2023-09-17T13:13:27.590Z [Modules] Module updates: enabled
2023-09-17T13:13:27.590Z [Modules] Module install path: /home/sshep/.config/discord/0.0.29/modules
2023-09-17T13:13:27.590Z [Modules] Module installed file path: /home/sshep/.config/discord/0.0.29/modules/installed.json
2023-09-17T13:13:27.590Z [Modules] Module download path: /home/sshep/.config/discord/0.0.29/modules/pending
2023-09-17T13:13:27.862Z [Modules] No updates to install
2023-09-17T13:13:27.863Z [Modules] Checking for host updates.
2023-09-17T13:13:28.015Z [Modules] Host is up to date.
2023-09-17T13:13:28.016Z [Modules] Checking for module updates at https://discord.com/api/modules/stable/versions.json
2023-09-17T13:13:28.055Z [Modules] No module updates available.
2023-09-17T13:13:31.359Z [Modules] Checking for host updates.
2023-09-17T13:13:31.491Z [Modules] Host is up to date.
2023-09-17T13:13:31.491Z [Modules] Checking for module updates at https://discord.com/api/modules/stable/versions.json
2023-09-17T13:13:31.495Z [Modules] No module updates available.
2023-09-17T14:13:31.363Z [Modules] Checking for host updates.
2023-09-17T14:13:31.476Z [Modules] Host is up to date.
2023-09-17T14:13:31.476Z [Modules] Checking for module updates at https://discord.com/api/modules/stable/versions.json
2023-09-17T14:13:31.522Z [Modules] No module updates available.
2023-09-17T15:13:31.363Z [Modules] Checking for host updates.
2023-09-17T15:13:31.468Z [Modules] Host is up to date.
2023-09-17T15:13:31.468Z [Modules] Checking for module updates at https://discord.com/api/modules/stable/versions.json
2023-09-17T15:13:31.500Z [Modules] No module updates available.
2023-09-17T16:13:31.363Z [Modules] Checking for host updates.
2023-09-17T16:13:31.455Z [Modules] Host is up to date.
2023-09-17T16:13:31.456Z [Modules] Checking for module updates at https://discord.com/api/modules/stable/versions.json
2023-09-17T16:13:31.503Z [Modules] No module updates available.
2023-09-17T17:13:31.362Z [Modules] Checking for host updates.
2023-09-17T17:13:31.466Z [Modules] Host is up to date.
2023-09-17T17:13:31.466Z [Modules] Checking for module updates at https://discord.com/api/modules/stable/versions.json
2023-09-17T17:13:31.506Z [Modules] No module updates available.
2023-09-17T18:13:31.361Z [Modules] Checking for host updates.
2023-09-17T18:13:31.501Z [Modules] Host is up to date.
2023-09-17T18:13:31.501Z [Modules] Checking for module updates at https://discord.com/api/modules/stable/versions.json
2023-09-17T18:13:31.537Z [Modules] No module updates available.
2023-09-17T19:13:31.362Z [Modules] Checking for host updates.
2023-09-17T19:13:31.465Z [Modules] Host is up to date.
2023-09-17T19:13:31.465Z [Modules] Checking for module updates at https://discord.com/api/modules/stable/versions.json
2023-09-17T19:13:31.498Z [Modules] No module updates available.
2023-09-17T20:13:31.361Z [Modules] Checking for host updates.
2023-09-17T20:13:31.460Z [Modules] Host is up to date.
2023-09-17T20:13:31.461Z [Modules] Checking for module updates at https://discord.com/api/modules/stable/versions.json
2023-09-17T20:13:31.496Z [Modules] No module updates available.
2023-09-17T21:13:31.362Z [Modules] Checking for host updates.
2023-09-17T21:13:31.462Z [Modules] Host is up to date.
2023-09-17T21:13:31.462Z [Modules] Checking for module updates at https://discord.com/api/modules/stable/versions.json
2023-09-17T21:13:31.498Z [Modules] No module updates available.
2023-09-17T21:57:27.335Z [Modules] Modules initializing
2023-09-17T21:57:27.335Z [Modules] Distribution: remote
2023-09-17T21:57:27.335Z [Modules] Host updates: enabled
2023-09-17T21:57:27.335Z [Modules] Module updates: enabled
2023-09-17T21:57:27.335Z [Modules] Module install path: /home/sshep/.config/discord/0.0.29/modules
2023-09-17T21:57:27.336Z [Modules] Module installed file path: /home/sshep/.config/discord/0.0.29/modules/installed.json
2023-09-17T21:57:27.336Z [Modules] Module download path: /home/sshep/.config/discord/0.0.29/modules/pending
2023-09-17T21:57:27.573Z [Modules] No updates to install
2023-09-17T21:57:27.573Z [Modules] Checking for host updates.
2023-09-17T21:57:27.709Z [Modules] Host is up to date.
2023-09-17T21:57:27.709Z [Modules] Checking for module updates at https://discord.com/api/modules/stable/versions.json
2023-09-17T21:57:27.751Z [Modules] No module updates available.
2023-09-17T21:57:29.959Z [Modules] Checking for host updates.
2023-09-17T21:57:30.021Z [Modules] Host is up to date.
2023-09-17T21:57:30.022Z [Modules] Checking for module updates at https://discord.com/api/modules/stable/versions.json
2023-09-17T21:57:30.028Z [Modules] No module updates available.
2023-09-17T22:57:29.963Z [Modules] Checking for host updates.
2023-09-17T22:57:30.059Z [Modules] Host is up to date.
2023-09-17T22:57:30.059Z [Modules] Checking for module updates at https://discord.com/api/modules/stable/versions.json
2023-09-17T22:57:30.097Z [Modules] No module updates available.
2023-09-17T23:57:29.964Z [Modules] Checking for host updates.
2023-09-17T23:57:30.070Z [Modules] Host is up to date.
2023-09-17T23:57:30.071Z [Modules] Checking for module updates at https://discord.com/api/modules/stable/versions.json
2023-09-17T23:57:30.110Z [Modules] No module updates available.
2023-09-18T00:57:29.961Z [Modules] Checking for host updates.
2023-09-18T00:57:30.061Z [Modules] Host is up to date.
2023-09-18T00:57:30.061Z [Modules] Checking for module updates at https://discord.com/api/modules/stable/versions.json
2023-09-18T00:57:30.100Z [Modules] No module updates available.
2023-09-18T01:57:29.966Z [Modules] Checking for host updates.
2023-09-18T01:57:30.074Z [Modules] Host is up to date.
2023-09-18T01:57:30.074Z [Modules] Checking for module updates at https://discord.com/api/modules/stable/versions.json
2023-09-18T01:57:30.114Z [Modules] No module updates available.
2023-09-18T02:57:29.964Z [Modules] Checking for host updates.
2023-09-18T02:57:30.056Z [Modules] Host is up to date.
2023-09-18T02:57:30.056Z [Modules] Checking for module updates at https://discord.com/api/modules/stable/versions.json
2023-09-18T02:57:30.092Z [Modules] No module updates available.
2023-09-18T03:57:29.961Z [Modules] Checking for host updates.
2023-09-18T03:57:30.062Z [Modules] Host is up to date.
2023-09-18T03:57:30.062Z [Modules] Checking for module updates at https://discord.com/api/modules/stable/versions.json
2023-09-18T03:57:30.107Z [Modules] No module updates available.
2023-09-18T04:57:29.963Z [Modules] Checking for host updates.
2023-09-18T04:57:30.067Z [Modules] Host is up to date.
2023-09-18T04:57:30.067Z [Modules] Checking for module updates at https://discord.com/api/modules/stable/versions.json
2023-09-18T04:57:30.099Z [Modules] No module updates available.
2023-09-18T05:57:29.963Z [Modules] Checking for host updates.
2023-09-18T05:57:30.071Z [Modules] Host is up to date.
2023-09-18T05:57:30.071Z [Modules] Checking for module updates at https://discord.com/api/modules/stable/versions.json
2023-09-18T05:57:30.140Z [Modules] No module updates available.
